{"/Users/leodubosclard/Documents/haddock/haddockapp/api/src/app.service.ts": {"path":"/Users/leodubosclard/Documents/haddock/haddockapp/api/src/app.service.ts","statementMap":{"0":{"start":{"line":1,"column":0},"end":{"line":1,"column":44}},"1":{"start":{"line":2,"column":0},"end":{"line":2,"column":25}},"2":{"start":{"line":3,"column":0},"end":{"line":3,"column":29}},"3":{"start":{"line":4,"column":0},"end":{"line":4,"column":33}},"4":{"start":{"line":7,"column":7},"end":{"line":87,"column":null}},"5":{"start":{"line":9,"column":4},"end":{"line":58,"column":5}},"6":{"start":{"line":11,"column":30},"end":{"line":11,"column":72}},"7":{"start":{"line":12,"column":26},"end":{"line":12,"column":78}},"8":{"start":{"line":13,"column":29},"end":{"line":13,"column":48}},"9":{"start":{"line":16,"column":26},"end":{"line":16,"column":30}},"10":{"start":{"line":17,"column":28},"end":{"line":17,"column":33}},"11":{"start":{"line":18,"column":22},"end":{"line":18,"column":26}},"12":{"start":{"line":19,"column":23},"end":{"line":19,"column":27}},"13":{"start":{"line":21,"column":6},"end":{"line":41,"column":7}},"14":{"start":{"line":22,"column":25},"end":{"line":23,"column":null}},"15":{"start":{"line":26,"column":8},"end":{"line":37,"column":9}},"16":{"start":{"line":27,"column":23},"end":{"line":27,"column":44}},"17":{"start":{"line":28,"column":10},"end":{"line":28,"column":40}},"18":{"start":{"line":29,"column":10},"end":{"line":29,"column":32}},"19":{"start":{"line":30,"column":10},"end":{"line":30,"column":37}},"20":{"start":{"line":33,"column":26},"end":{"line":33,"column":58}},"21":{"start":{"line":34,"column":25},"end":{"line":34,"column":56}},"22":{"start":{"line":36,"column":10},"end":{"line":36,"column":65}},"23":{"start":{"line":40,"column":8},"end":{"line":40,"column":61}},"24":{"start":{"line":43,"column":6},"end":{"line":49,"column":8}},"25":{"start":{"line":51,"column":6},"end":{"line":57,"column":8}},"26":{"start":{"line":62,"column":4},"end":{"line":85,"column":5}},"27":{"start":{"line":64,"column":26},"end":{"line":64,"column":46}},"28":{"start":{"line":65,"column":27},"end":{"line":65,"column":48}},"29":{"start":{"line":68,"column":6},"end":{"line":70,"column":7}},"30":{"start":{"line":69,"column":8},"end":{"line":69,"column":52}},"31":{"start":{"line":73,"column":28},"end":{"line":73,"column":49}},"32":{"start":{"line":74,"column":29},"end":{"line":74,"column":51}},"33":{"start":{"line":76,"column":6},"end":{"line":78,"column":7}},"34":{"start":{"line":77,"column":8},"end":{"line":77,"column":56}},"35":{"start":{"line":81,"column":6},"end":{"line":81,"column":19}},"36":{"start":{"line":83,"column":6},"end":{"line":83,"column":56}},"37":{"start":{"line":84,"column":6},"end":{"line":84,"column":19}},"38":{"start":{"line":7,"column":13},"end":{"line":7,"column":23}},"39":{"start":{"line":7,"column":13},"end":{"line":87,"column":null}}},"fnMap":{"0":{"name":"(anonymous_1)","decl":{"start":{"line":8,"column":2},"end":{"line":8,"column":7}},"loc":{"start":{"line":8,"column":22},"end":{"line":59,"column":3}}},"1":{"name":"(anonymous_2)","decl":{"start":{"line":61,"column":10},"end":{"line":61,"column":24}},"loc":{"start":{"line":61,"column":56},"end":{"line":86,"column":3}}}},"branchMap":{"0":{"loc":{"start":{"line":26,"column":8},"end":{"line":37,"column":9}},"type":"if","locations":[{"start":{"line":26,"column":8},"end":{"line":37,"column":9}}]},"1":{"loc":{"start":{"line":68,"column":6},"end":{"line":70,"column":7}},"type":"if","locations":[{"start":{"line":68,"column":6},"end":{"line":70,"column":7}}]},"2":{"loc":{"start":{"line":68,"column":10},"end":{"line":68,"column":37}},"type":"binary-expr","locations":[{"start":{"line":68,"column":10},"end":{"line":68,"column":21}},{"start":{"line":68,"column":25},"end":{"line":68,"column":37}}]},"3":{"loc":{"start":{"line":76,"column":6},"end":{"line":78,"column":7}},"type":"if","locations":[{"start":{"line":76,"column":6},"end":{"line":78,"column":7}}]},"4":{"loc":{"start":{"line":76,"column":10},"end":{"line":76,"column":41}},"type":"binary-expr","locations":[{"start":{"line":76,"column":10},"end":{"line":76,"column":23}},{"start":{"line":76,"column":27},"end":{"line":76,"column":41}}]}},"s":{"0":1,"1":1,"2":1,"3":1,"4":1,"5":5,"6":5,"7":5,"8":4,"9":4,"10":4,"11":4,"12":4,"13":4,"14":4,"15":3,"16":3,"17":3,"18":3,"19":3,"20":3,"21":3,"22":3,"23":1,"24":4,"25":1,"26":3,"27":3,"28":3,"29":3,"30":2,"31":1,"32":1,"33":1,"34":0,"35":1,"36":0,"37":0,"38":1,"39":1},"f":{"0":5,"1":3},"b":{"0":[3],"1":[2],"2":[3,2],"3":[0],"4":[1,0]}}
,"/Users/leodubosclard/Documents/haddock/haddockapp/api/src/main.ts": {"path":"/Users/leodubosclard/Documents/haddock/haddockapp/api/src/main.ts","statementMap":{"0":{"start":{"line":1,"column":0},"end":{"line":1,"column":60}},"1":{"start":{"line":2,"column":0},"end":{"line":2,"column":41}},"2":{"start":{"line":3,"column":0},"end":{"line":3,"column":48}},"3":{"start":{"line":4,"column":0},"end":{"line":4,"column":66}},"4":{"start":{"line":5,"column":0},"end":{"line":5,"column":103}},"5":{"start":{"line":8,"column":14},"end":{"line":8,"column":49}},"6":{"start":{"line":9,"column":2},"end":{"line":9,"column":19}},"7":{"start":{"line":10,"column":2},"end":{"line":18,"column":4}},"8":{"start":{"line":20,"column":2},"end":{"line":20,"column":21}},"9":{"start":{"line":22,"column":26},"end":{"line":22,"column":50}},"10":{"start":{"line":23,"column":2},"end":{"line":23,"column":69}},"11":{"start":{"line":25,"column":2},"end":{"line":25,"column":45}},"12":{"start":{"line":27,"column":0},"end":{"line":27,"column":12}}},"fnMap":{"0":{"name":"bootstrap","decl":{"start":{"line":7,"column":15},"end":{"line":7,"column":24}},"loc":{"start":{"line":7,"column":24},"end":{"line":26,"column":1}}}},"branchMap":{"0":{"loc":{"start":{"line":25,"column":19},"end":{"line":25,"column":43}},"type":"binary-expr","locations":[{"start":{"line":25,"column":19},"end":{"line":25,"column":35}},{"start":{"line":25,"column":39},"end":{"line":25,"column":43}}]}},"s":{"0":0,"1":0,"2":0,"3":0,"4":0,"5":0,"6":0,"7":0,"8":0,"9":0,"10":0,"11":0,"12":0},"f":{"0":0},"b":{"0":[0,0]}}
,"/Users/leodubosclard/Documents/haddock/haddockapp/api/src/auth/auth.decorator.ts": {"path":"/Users/leodubosclard/Documents/haddock/haddockapp/api/src/auth/auth.decorator.ts","statementMap":{"0":{"start":{"line":1,"column":0},"end":{"line":1,"column":45}},"1":{"start":{"line":3,"column":13},"end":{"line":3,"column":40}},"2":{"start":{"line":4,"column":22},"end":{"line":4,"column":60}},"3":{"start":{"line":4,"column":28},"end":{"line":4,"column":60}},"4":{"start":{"line":4,"column":13},"end":{"line":4,"column":22}},"5":{"start":{"line":6,"column":13},"end":{"line":6,"column":53}},"6":{"start":{"line":7,"column":28},"end":{"line":7,"column":73}},"7":{"start":{"line":7,"column":34},"end":{"line":7,"column":73}},"8":{"start":{"line":7,"column":13},"end":{"line":7,"column":28}}},"fnMap":{"0":{"name":"(anonymous_0)","decl":{"start":{"line":4,"column":22},"end":{"line":4,"column":25}},"loc":{"start":{"line":4,"column":28},"end":{"line":4,"column":60}}},"1":{"name":"(anonymous_1)","decl":{"start":{"line":7,"column":28},"end":{"line":7,"column":31}},"loc":{"start":{"line":7,"column":34},"end":{"line":7,"column":73}}}},"branchMap":{},"s":{"0":2,"1":2,"2":2,"3":2,"4":2,"5":2,"6":2,"7":0,"8":2},"f":{"0":2,"1":0},"b":{}}
,"/Users/leodubosclard/Documents/haddock/haddockapp/api/src/auth/auth.service.ts": {"path":"/Users/leodubosclard/Documents/haddock/haddockapp/api/src/auth/auth.service.ts","statementMap":{"0":{"start":{"line":1,"column":0},"end":{"line":1,"column":null}},"1":{"start":{"line":9,"column":0},"end":{"line":9,"column":41}},"2":{"start":{"line":11,"column":0},"end":{"line":11,"column":58}},"3":{"start":{"line":12,"column":0},"end":{"line":12,"column":33}},"4":{"start":{"line":13,"column":0},"end":{"line":13,"column":58}},"5":{"start":{"line":14,"column":0},"end":{"line":14,"column":61}},"6":{"start":{"line":15,"column":0},"end":{"line":15,"column":76}},"7":{"start":{"line":16,"column":0},"end":{"line":16,"column":70}},"8":{"start":{"line":19,"column":7},"end":{"line":85,"column":null}},"9":{"start":{"line":21,"column":21},"end":{"line":21,"column":33}},"10":{"start":{"line":22,"column":21},"end":{"line":22,"column":36}},"11":{"start":{"line":23,"column":21},"end":{"line":23,"column":37}},"12":{"start":{"line":24,"column":21},"end":{"line":24,"column":43}},"13":{"start":{"line":26,"column":21},"end":{"line":26,"column":39}},"14":{"start":{"line":30,"column":26},"end":{"line":30,"column":77}},"15":{"start":{"line":31,"column":4},"end":{"line":31,"column":38}},"16":{"start":{"line":35,"column":17},"end":{"line":35,"column":41}},"17":{"start":{"line":36,"column":4},"end":{"line":36,"column":45}},"18":{"start":{"line":43,"column":4},"end":{"line":43,"column":54}},"19":{"start":{"line":47,"column":17},"end":{"line":47,"column":61}},"20":{"start":{"line":48,"column":4},"end":{"line":48,"column":27}},"21":{"start":{"line":48,"column":15},"end":{"line":48,"column":27}},"22":{"start":{"line":49,"column":4},"end":{"line":49,"column":36}},"23":{"start":{"line":49,"column":24},"end":{"line":49,"column":36}},"24":{"start":{"line":51,"column":18},"end":{"line":51,"column":63}},"25":{"start":{"line":52,"column":4},"end":{"line":52,"column":28}},"26":{"start":{"line":52,"column":16},"end":{"line":52,"column":28}},"27":{"start":{"line":54,"column":4},"end":{"line":54,"column":16}},"28":{"start":{"line":58,"column":18},"end":{"line":58,"column":55}},"29":{"start":{"line":60,"column":23},"end":{"line":60,"column":77}},"30":{"start":{"line":61,"column":4},"end":{"line":61,"column":65}},"31":{"start":{"line":61,"column":34},"end":{"line":61,"column":65}},"32":{"start":{"line":63,"column":25},"end":{"line":63,"column":62}},"33":{"start":{"line":65,"column":17},"end":{"line":72,"column":6}},"34":{"start":{"line":74,"column":4},"end":{"line":75,"column":60}},"35":{"start":{"line":75,"column":6},"end":{"line":75,"column":60}},"36":{"start":{"line":76,"column":4},"end":{"line":76,"column":16}},"37":{"start":{"line":80,"column":27},"end":{"line":80,"column":76}},"38":{"start":{"line":81,"column":24},"end":{"line":81,"column":75}},"39":{"start":{"line":83,"column":4},"end":{"line":83,"column":62}},"40":{"start":{"line":19,"column":13},"end":{"line":19,"column":24}},"41":{"start":{"line":19,"column":13},"end":{"line":85,"column":null}},"42":{"start":{"line":25,"column":29},"end":{"line":25,"column":46}}},"fnMap":{"0":{"name":"(anonymous_4)","decl":{"start":{"line":20,"column":2},"end":{"line":20,"column":null}},"loc":{"start":{"line":26,"column":56},"end":{"line":27,"column":6}}},"1":{"name":"(anonymous_5)","decl":{"start":{"line":29,"column":2},"end":{"line":29,"column":13}},"loc":{"start":{"line":29,"column":24},"end":{"line":32,"column":3}}},"2":{"name":"(anonymous_6)","decl":{"start":{"line":34,"column":10},"end":{"line":34,"column":15}},"loc":{"start":{"line":34,"column":45},"end":{"line":37,"column":3}}},"3":{"name":"(anonymous_7)","decl":{"start":{"line":39,"column":10},"end":{"line":39,"column":15}},"loc":{"start":{"line":41,"column":22},"end":{"line":44,"column":3}}},"4":{"name":"(anonymous_8)","decl":{"start":{"line":46,"column":2},"end":{"line":46,"column":7}},"loc":{"start":{"line":46,"column":52},"end":{"line":55,"column":3}}},"5":{"name":"(anonymous_9)","decl":{"start":{"line":57,"column":2},"end":{"line":57,"column":7}},"loc":{"start":{"line":57,"column":29},"end":{"line":77,"column":3}}},"6":{"name":"(anonymous_10)","decl":{"start":{"line":79,"column":2},"end":{"line":79,"column":7}},"loc":{"start":{"line":79,"column":44},"end":{"line":84,"column":3}}},"7":{"name":"(anonymous_11)","decl":{"start":{"line":25,"column":23},"end":{"line":25,"column":26}},"loc":{"start":{"line":25,"column":29},"end":{"line":25,"column":46}}}},"branchMap":{"0":{"loc":{"start":{"line":48,"column":4},"end":{"line":48,"column":27}},"type":"if","locations":[{"start":{"line":48,"column":4},"end":{"line":48,"column":27}}]},"1":{"loc":{"start":{"line":49,"column":4},"end":{"line":49,"column":36}},"type":"if","locations":[{"start":{"line":49,"column":4},"end":{"line":49,"column":36}}]},"2":{"loc":{"start":{"line":52,"column":4},"end":{"line":52,"column":28}},"type":"if","locations":[{"start":{"line":52,"column":4},"end":{"line":52,"column":28}}]},"3":{"loc":{"start":{"line":61,"column":4},"end":{"line":61,"column":65}},"type":"if","locations":[{"start":{"line":61,"column":4},"end":{"line":61,"column":65}}]},"4":{"loc":{"start":{"line":61,"column":8},"end":{"line":61,"column":32}},"type":"binary-expr","locations":[{"start":{"line":61,"column":8},"end":{"line":61,"column":19}},{"start":{"line":61,"column":23},"end":{"line":61,"column":32}}]},"5":{"loc":{"start":{"line":70,"column":14},"end":{"line":70,"column":68}},"type":"cond-expr","locations":[{"start":{"line":70,"column":28},"end":{"line":70,"column":46}},{"start":{"line":70,"column":49},"end":{"line":70,"column":68}}]},"6":{"loc":{"start":{"line":74,"column":4},"end":{"line":75,"column":60}},"type":"if","locations":[{"start":{"line":74,"column":4},"end":{"line":75,"column":60}}]},"7":{"loc":{"start":{"line":74,"column":8},"end":{"line":74,"column":31}},"type":"binary-expr","locations":[{"start":{"line":74,"column":8},"end":{"line":74,"column":18}},{"start":{"line":74,"column":22},"end":{"line":74,"column":31}}]},"8":{"loc":{"start":{"line":81,"column":24},"end":{"line":81,"column":75}},"type":"binary-expr","locations":[{"start":{"line":81,"column":24},"end":{"line":81,"column":48}},{"start":{"line":81,"column":52},"end":{"line":81,"column":75}}]}},"s":{"0":4,"1":4,"2":4,"3":4,"4":4,"5":4,"6":4,"7":4,"8":4,"9":13,"10":13,"11":13,"12":13,"13":13,"14":1,"15":1,"16":5,"17":5,"18":0,"19":4,"20":4,"21":1,"22":3,"23":1,"24":2,"25":2,"26":1,"27":1,"28":6,"29":6,"30":6,"31":1,"32":5,"33":5,"34":5,"35":2,"36":5,"37":2,"38":2,"39":2,"40":4,"41":4,"42":13},"f":{"0":13,"1":1,"2":5,"3":0,"4":4,"5":6,"6":2,"7":13},"b":{"0":[1],"1":[1],"2":[1],"3":[1],"4":[6,4],"5":[3,2],"6":[2],"7":[5,2],"8":[2,1]}}
,"/Users/leodubosclard/Documents/haddock/haddockapp/api/src/auth/user.context.ts": {"path":"/Users/leodubosclard/Documents/haddock/haddockapp/api/src/auth/user.context.ts","statementMap":{"0":{"start":{"line":1,"column":0},"end":{"line":1,"column":72}},"1":{"start":{"line":4,"column":13},"end":{"line":8,"column":2}},"2":{"start":{"line":6,"column":4},"end":{"line":6,"column":52}}},"fnMap":{"0":{"name":"(anonymous_0)","decl":{"start":{"line":5,"column":2},"end":{"line":5,"column":3}},"loc":{"start":{"line":5,"column":51},"end":{"line":7,"column":3}}}},"branchMap":{},"s":{"0":0,"1":0,"2":0},"f":{"0":0},"b":{}}
,"/Users/leodubosclard/Documents/haddock/haddockapp/api/src/auth/error/AuthError.ts": {"path":"/Users/leodubosclard/Documents/haddock/haddockapp/api/src/auth/error/AuthError.ts","statementMap":{"0":{"start":{"line":3,"column":8},"end":{"line":3,"column":23}},"1":{"start":{"line":1,"column":0},"end":{"line":1,"column":13}}},"fnMap":{"0":{"name":"(anonymous_0)","decl":{"start":{"line":2,"column":4},"end":{"line":2,"column":16}},"loc":{"start":{"line":2,"column":31},"end":{"line":4,"column":5}}}},"branchMap":{},"s":{"0":2,"1":2},"f":{"0":2},"b":{}}
,"/Users/leodubosclard/Documents/haddock/haddockapp/api/src/authorization/authorization-entity.service.ts": {"path":"/Users/leodubosclard/Documents/haddock/haddockapp/api/src/authorization/authorization-entity.service.ts","statementMap":{"0":{"start":{"line":1,"column":0},"end":{"line":1,"column":null}},"1":{"start":{"line":6,"column":0},"end":{"line":6,"column":52}},"2":{"start":{"line":7,"column":0},"end":{"line":7,"column":57}},"3":{"start":{"line":8,"column":0},"end":{"line":8,"column":61}},"4":{"start":{"line":9,"column":0},"end":{"line":9,"column":69}},"5":{"start":{"line":10,"column":0},"end":{"line":10,"column":63}},"6":{"start":{"line":14,"column":0},"end":{"line":14,"column":63}},"7":{"start":{"line":17,"column":7},"end":{"line":85,"column":null}},"8":{"start":{"line":19,"column":21},"end":{"line":19,"column":33}},"9":{"start":{"line":20,"column":21},"end":{"line":20,"column":29}},"10":{"start":{"line":21,"column":21},"end":{"line":21,"column":36}},"11":{"start":{"line":22,"column":21},"end":{"line":22,"column":30}},"12":{"start":{"line":26,"column":4},"end":{"line":34,"column":5}},"13":{"start":{"line":27,"column":6},"end":{"line":27,"column":57}},"14":{"start":{"line":29,"column":6},"end":{"line":33,"column":7}},"15":{"start":{"line":30,"column":8},"end":{"line":30,"column":53}},"16":{"start":{"line":32,"column":8},"end":{"line":32,"column":69}},"17":{"start":{"line":39,"column":4},"end":{"line":64,"column":5}},"18":{"start":{"line":41,"column":8},"end":{"line":47,"column":10}},"19":{"start":{"line":49,"column":8},"end":{"line":55,"column":10}},"20":{"start":{"line":57,"column":8},"end":{"line":63,"column":10}},"21":{"start":{"line":68,"column":27},"end":{"line":68,"column":58}},"22":{"start":{"line":69,"column":4},"end":{"line":69,"column":88}},"23":{"start":{"line":69,"column":49},"end":{"line":69,"column":86}},"24":{"start":{"line":73,"column":26},"end":{"line":73,"column":60}},"25":{"start":{"line":74,"column":4},"end":{"line":74,"column":49}},"26":{"start":{"line":78,"column":4},"end":{"line":78,"column":37}},"27":{"start":{"line":82,"column":26},"end":{"line":82,"column":71}},"28":{"start":{"line":83,"column":4},"end":{"line":83,"column":59}},"29":{"start":{"line":17,"column":13},"end":{"line":17,"column":39}},"30":{"start":{"line":17,"column":13},"end":{"line":85,"column":null}}},"fnMap":{"0":{"name":"(anonymous_2)","decl":{"start":{"line":18,"column":2},"end":{"line":18,"column":null}},"loc":{"start":{"line":22,"column":50},"end":{"line":23,"column":7}}},"1":{"name":"(anonymous_3)","decl":{"start":{"line":25,"column":10},"end":{"line":25,"column":15}},"loc":{"start":{"line":25,"column":42},"end":{"line":35,"column":3}}},"2":{"name":"(anonymous_4)","decl":{"start":{"line":38,"column":10},"end":{"line":38,"column":15}},"loc":{"start":{"line":38,"column":82},"end":{"line":65,"column":3}}},"3":{"name":"(anonymous_5)","decl":{"start":{"line":67,"column":9},"end":{"line":67,"column":14}},"loc":{"start":{"line":67,"column":22},"end":{"line":70,"column":3}}},"4":{"name":"(anonymous_6)","decl":{"start":{"line":69,"column":30},"end":{"line":69,"column":31}},"loc":{"start":{"line":69,"column":49},"end":{"line":69,"column":86}}},"5":{"name":"(anonymous_7)","decl":{"start":{"line":72,"column":9},"end":{"line":72,"column":14}},"loc":{"start":{"line":72,"column":34},"end":{"line":75,"column":3}}},"6":{"name":"(anonymous_8)","decl":{"start":{"line":77,"column":9},"end":{"line":77,"column":14}},"loc":{"start":{"line":77,"column":32},"end":{"line":79,"column":3}}},"7":{"name":"(anonymous_9)","decl":{"start":{"line":81,"column":9},"end":{"line":81,"column":14}},"loc":{"start":{"line":81,"column":50},"end":{"line":84,"column":3}}}},"branchMap":{"0":{"loc":{"start":{"line":29,"column":6},"end":{"line":33,"column":7}},"type":"if","locations":[{"start":{"line":29,"column":6},"end":{"line":33,"column":7}},{"start":{"line":31,"column":13},"end":{"line":33,"column":7}}]},"1":{"loc":{"start":{"line":39,"column":4},"end":{"line":64,"column":5}},"type":"switch","locations":[{"start":{"line":40,"column":6},"end":{"line":47,"column":10}},{"start":{"line":48,"column":6},"end":{"line":55,"column":10}},{"start":{"line":56,"column":6},"end":{"line":63,"column":10}}]}},"s":{"0":1,"1":1,"2":1,"3":1,"4":1,"5":1,"6":1,"7":1,"8":9,"9":9,"10":9,"11":9,"12":3,"13":3,"14":2,"15":1,"16":1,"17":5,"18":3,"19":1,"20":1,"21":1,"22":1,"23":1,"24":1,"25":1,"26":1,"27":5,"28":3,"29":1,"30":1},"f":{"0":9,"1":3,"2":5,"3":1,"4":1,"5":1,"6":1,"7":5},"b":{"0":[1,1],"1":[3,1,1]}}
,"/Users/leodubosclard/Documents/haddock/haddockapp/api/src/authorization/authorization.mapper.ts": {"path":"/Users/leodubosclard/Documents/haddock/haddockapp/api/src/authorization/authorization.mapper.ts","statementMap":{"0":{"start":{"line":1,"column":0},"end":{"line":1,"column":null}},"1":{"start":{"line":10,"column":7},"end":{"line":27,"column":null}},"2":{"start":{"line":12,"column":8},"end":{"line":16,"column":10}},"3":{"start":{"line":20,"column":8},"end":{"line":24,"column":10}},"4":{"start":{"line":10,"column":13},"end":{"line":10,"column":32}},"5":{"start":{"line":10,"column":13},"end":{"line":27,"column":null}}},"fnMap":{"0":{"name":"(anonymous_1)","decl":{"start":{"line":11,"column":11},"end":{"line":11,"column":32}},"loc":{"start":{"line":11,"column":61},"end":{"line":17,"column":5}}},"1":{"name":"(anonymous_2)","decl":{"start":{"line":19,"column":11},"end":{"line":19,"column":21}},"loc":{"start":{"line":19,"column":50},"end":{"line":25,"column":5}}}},"branchMap":{},"s":{"0":9,"1":9,"2":1,"3":1,"4":9,"5":9},"f":{"0":1,"1":1},"b":{}}
,"/Users/leodubosclard/Documents/haddock/haddockapp/api/src/authorization/authorization.repository.ts": {"path":"/Users/leodubosclard/Documents/haddock/haddockapp/api/src/authorization/authorization.repository.ts","statementMap":{"0":{"start":{"line":1,"column":0},"end":{"line":1,"column":44}},"1":{"start":{"line":3,"column":0},"end":{"line":3,"column":58}},"2":{"start":{"line":7,"column":7},"end":{"line":37,"column":null}},"3":{"start":{"line":9,"column":25},"end":{"line":9,"column":40}},"4":{"start":{"line":13,"column":8},"end":{"line":15,"column":11}},"5":{"start":{"line":19,"column":8},"end":{"line":19,"column":59}},"6":{"start":{"line":23,"column":8},"end":{"line":29,"column":11}},"7":{"start":{"line":33,"column":8},"end":{"line":35,"column":11}},"8":{"start":{"line":7,"column":13},"end":{"line":7,"column":36}},"9":{"start":{"line":7,"column":13},"end":{"line":37,"column":null}}},"fnMap":{"0":{"name":"(anonymous_2)","decl":{"start":{"line":8,"column":4},"end":{"line":8,"column":null}},"loc":{"start":{"line":9,"column":53},"end":{"line":10,"column":9}}},"1":{"name":"(anonymous_3)","decl":{"start":{"line":12,"column":4},"end":{"line":12,"column":9}},"loc":{"start":{"line":12,"column":29},"end":{"line":16,"column":5}}},"2":{"name":"(anonymous_4)","decl":{"start":{"line":18,"column":4},"end":{"line":18,"column":9}},"loc":{"start":{"line":18,"column":17},"end":{"line":20,"column":5}}},"3":{"name":"(anonymous_5)","decl":{"start":{"line":22,"column":4},"end":{"line":22,"column":9}},"loc":{"start":{"line":22,"column":61},"end":{"line":30,"column":5}}},"4":{"name":"(anonymous_6)","decl":{"start":{"line":32,"column":4},"end":{"line":32,"column":9}},"loc":{"start":{"line":32,"column":27},"end":{"line":36,"column":5}}}},"branchMap":{},"s":{"0":9,"1":9,"2":9,"3":6,"4":2,"5":2,"6":1,"7":1,"8":9,"9":9},"f":{"0":6,"1":2,"2":2,"3":1,"4":1},"b":{}}
,"/Users/leodubosclard/Documents/haddock/haddockapp/api/src/authorization/authorization.service.ts": {"path":"/Users/leodubosclard/Documents/haddock/haddockapp/api/src/authorization/authorization.service.ts","statementMap":{"0":{"start":{"line":1,"column":0},"end":{"line":1,"column":null}},"1":{"start":{"line":6,"column":0},"end":{"line":6,"column":69}},"2":{"start":{"line":7,"column":0},"end":{"line":7,"column":63}},"3":{"start":{"line":9,"column":0},"end":{"line":9,"column":61}},"4":{"start":{"line":10,"column":0},"end":{"line":10,"column":26}},"5":{"start":{"line":13,"column":7},"end":{"line":112,"column":null}},"6":{"start":{"line":15,"column":21},"end":{"line":15,"column":33}},"7":{"start":{"line":16,"column":21},"end":{"line":16,"column":29}},"8":{"start":{"line":20,"column":26},"end":{"line":20,"column":73}},"9":{"start":{"line":21,"column":19},"end":{"line":21,"column":67}},"10":{"start":{"line":22,"column":4},"end":{"line":22,"column":23}},"11":{"start":{"line":26,"column":26},"end":{"line":26,"column":73}},"12":{"start":{"line":27,"column":19},"end":{"line":27,"column":67}},"13":{"start":{"line":29,"column":4},"end":{"line":35,"column":5}},"14":{"start":{"line":31,"column":8},"end":{"line":31,"column":31}},"15":{"start":{"line":34,"column":8},"end":{"line":34,"column":38}},"16":{"start":{"line":39,"column":26},"end":{"line":39,"column":73}},"17":{"start":{"line":40,"column":19},"end":{"line":40,"column":67}},"18":{"start":{"line":42,"column":4},"end":{"line":53,"column":5}},"19":{"start":{"line":44,"column":8},"end":{"line":46,"column":10}},"20":{"start":{"line":48,"column":8},"end":{"line":50,"column":10}},"21":{"start":{"line":52,"column":8},"end":{"line":52,"column":104}},"22":{"start":{"line":57,"column":26},"end":{"line":57,"column":73}},"23":{"start":{"line":58,"column":19},"end":{"line":58,"column":67}},"24":{"start":{"line":60,"column":4},"end":{"line":70,"column":5}},"25":{"start":{"line":62,"column":8},"end":{"line":62,"column":38}},"26":{"start":{"line":65,"column":8},"end":{"line":68,"column":10}},"27":{"start":{"line":74,"column":4},"end":{"line":74,"column":62}},"28":{"start":{"line":78,"column":33},"end":{"line":78,"column":87}},"29":{"start":{"line":80,"column":4},"end":{"line":87,"column":5}},"30":{"start":{"line":81,"column":6},"end":{"line":83,"column":9}},"31":{"start":{"line":84,"column":6},"end":{"line":84,"column":18}},"32":{"start":{"line":86,"column":6},"end":{"line":86,"column":19}},"33":{"start":{"line":91,"column":4},"end":{"line":93,"column":26}},"34":{"start":{"line":92,"column":18},"end":{"line":92,"column":22}},"35":{"start":{"line":93,"column":19},"end":{"line":93,"column":24}},"36":{"start":{"line":97,"column":4},"end":{"line":99,"column":5}},"37":{"start":{"line":98,"column":6},"end":{"line":98,"column":51}},"38":{"start":{"line":100,"column":26},"end":{"line":100,"column":73}},"39":{"start":{"line":101,"column":19},"end":{"line":101,"column":67}},"40":{"start":{"line":103,"column":4},"end":{"line":110,"column":5}},"41":{"start":{"line":105,"column":8},"end":{"line":105,"column":68}},"42":{"start":{"line":107,"column":8},"end":{"line":107,"column":68}},"43":{"start":{"line":109,"column":8},"end":{"line":109,"column":20}},"44":{"start":{"line":13,"column":13},"end":{"line":13,"column":33}},"45":{"start":{"line":13,"column":13},"end":{"line":112,"column":null}}},"fnMap":{"0":{"name":"(anonymous_2)","decl":{"start":{"line":14,"column":2},"end":{"line":14,"column":null}},"loc":{"start":{"line":16,"column":48},"end":{"line":17,"column":7}}},"1":{"name":"(anonymous_3)","decl":{"start":{"line":19,"column":9},"end":{"line":19,"column":14}},"loc":{"start":{"line":19,"column":59},"end":{"line":23,"column":3}}},"2":{"name":"(anonymous_4)","decl":{"start":{"line":25,"column":9},"end":{"line":25,"column":14}},"loc":{"start":{"line":25,"column":58},"end":{"line":36,"column":3}}},"3":{"name":"(anonymous_5)","decl":{"start":{"line":38,"column":9},"end":{"line":38,"column":14}},"loc":{"start":{"line":38,"column":65},"end":{"line":54,"column":3}}},"4":{"name":"(anonymous_6)","decl":{"start":{"line":56,"column":9},"end":{"line":56,"column":14}},"loc":{"start":{"line":56,"column":70},"end":{"line":71,"column":3}}},"5":{"name":"(anonymous_7)","decl":{"start":{"line":73,"column":9},"end":{"line":73,"column":14}},"loc":{"start":{"line":73,"column":66},"end":{"line":75,"column":3}}},"6":{"name":"(anonymous_8)","decl":{"start":{"line":77,"column":10},"end":{"line":77,"column":15}},"loc":{"start":{"line":77,"column":86},"end":{"line":88,"column":3}}},"7":{"name":"(anonymous_9)","decl":{"start":{"line":90,"column":10},"end":{"line":90,"column":22}},"loc":{"start":{"line":90,"column":57},"end":{"line":94,"column":3}}},"8":{"name":"(anonymous_10)","decl":{"start":{"line":92,"column":12},"end":{"line":92,"column":15}},"loc":{"start":{"line":92,"column":18},"end":{"line":92,"column":22}}},"9":{"name":"(anonymous_11)","decl":{"start":{"line":93,"column":13},"end":{"line":93,"column":16}},"loc":{"start":{"line":93,"column":19},"end":{"line":93,"column":24}}},"10":{"name":"(anonymous_12)","decl":{"start":{"line":96,"column":9},"end":{"line":96,"column":14}},"loc":{"start":{"line":96,"column":95},"end":{"line":111,"column":3}}}},"branchMap":{"0":{"loc":{"start":{"line":29,"column":4},"end":{"line":35,"column":5}},"type":"switch","locations":[{"start":{"line":30,"column":6},"end":{"line":31,"column":31}},{"start":{"line":32,"column":6},"end":{"line":32,"column":35}},{"start":{"line":33,"column":6},"end":{"line":34,"column":38}}]},"1":{"loc":{"start":{"line":42,"column":4},"end":{"line":53,"column":5}},"type":"switch","locations":[{"start":{"line":43,"column":6},"end":{"line":46,"column":10}},{"start":{"line":47,"column":6},"end":{"line":50,"column":10}},{"start":{"line":51,"column":6},"end":{"line":52,"column":104}}]},"2":{"loc":{"start":{"line":60,"column":4},"end":{"line":70,"column":5}},"type":"switch","locations":[{"start":{"line":61,"column":6},"end":{"line":62,"column":38}},{"start":{"line":63,"column":6},"end":{"line":63,"column":35}},{"start":{"line":64,"column":6},"end":{"line":68,"column":10}}]},"3":{"loc":{"start":{"line":97,"column":4},"end":{"line":99,"column":5}},"type":"if","locations":[{"start":{"line":97,"column":4},"end":{"line":99,"column":5}}]},"4":{"loc":{"start":{"line":103,"column":4},"end":{"line":110,"column":5}},"type":"switch","locations":[{"start":{"line":104,"column":6},"end":{"line":105,"column":68}},{"start":{"line":106,"column":6},"end":{"line":107,"column":68}},{"start":{"line":108,"column":6},"end":{"line":109,"column":20}}]}},"s":{"0":8,"1":8,"2":8,"3":8,"4":8,"5":8,"6":16,"7":16,"8":1,"9":1,"10":1,"11":1,"12":1,"13":1,"14":1,"15":0,"16":6,"17":6,"18":6,"19":3,"20":2,"21":1,"22":2,"23":2,"24":2,"25":0,"26":2,"27":3,"28":3,"29":3,"30":3,"31":2,"32":1,"33":2,"34":1,"35":1,"36":6,"37":2,"38":4,"39":4,"40":4,"41":2,"42":1,"43":1,"44":8,"45":8},"f":{"0":16,"1":1,"2":1,"3":6,"4":2,"5":3,"6":3,"7":2,"8":1,"9":1,"10":6},"b":{"0":[1,0,0],"1":[3,2,1],"2":[0,1,2],"3":[2],"4":[2,1,1]}}
,"/Users/leodubosclard/Documents/haddock/haddockapp/api/src/authorization/authorization.validator.ts": {"path":"/Users/leodubosclard/Documents/haddock/haddockapp/api/src/authorization/authorization.validator.ts","statementMap":{"0":{"start":{"line":1,"column":0},"end":{"line":1,"column":null}},"1":{"start":{"line":6,"column":0},"end":{"line":6,"column":63}},"2":{"start":{"line":7,"column":0},"end":{"line":7,"column":26}},"3":{"start":{"line":10,"column":7},"end":{"line":63,"column":null}},"4":{"start":{"line":12,"column":27},"end":{"line":12,"column":43}},"5":{"start":{"line":13,"column":4},"end":{"line":15,"column":5}},"6":{"start":{"line":14,"column":6},"end":{"line":14,"column":65}},"7":{"start":{"line":19,"column":27},"end":{"line":19,"column":133}},"8":{"start":{"line":20,"column":4},"end":{"line":22,"column":5}},"9":{"start":{"line":21,"column":6},"end":{"line":21,"column":69}},"10":{"start":{"line":26,"column":4},"end":{"line":47,"column":5}},"11":{"start":{"line":27,"column":23},"end":{"line":31,"column":8}},"12":{"start":{"line":33,"column":27},"end":{"line":33,"column":61}},"13":{"start":{"line":35,"column":6},"end":{"line":37,"column":7}},"14":{"start":{"line":36,"column":8},"end":{"line":36,"column":66}},"15":{"start":{"line":39,"column":21},"end":{"line":39,"column":81}},"16":{"start":{"line":39,"column":68},"end":{"line":39,"column":80}},"17":{"start":{"line":41,"column":6},"end":{"line":43,"column":7}},"18":{"start":{"line":42,"column":8},"end":{"line":42,"column":112}},"19":{"start":{"line":46,"column":6},"end":{"line":46,"column":97}},"20":{"start":{"line":51,"column":4},"end":{"line":61,"column":5}},"21":{"start":{"line":53,"column":8},"end":{"line":53,"column":74}},"22":{"start":{"line":54,"column":8},"end":{"line":54,"column":14}},"23":{"start":{"line":56,"column":8},"end":{"line":56,"column":71}},"24":{"start":{"line":57,"column":8},"end":{"line":57,"column":14}},"25":{"start":{"line":59,"column":8},"end":{"line":59,"column":102}},"26":{"start":{"line":60,"column":8},"end":{"line":60,"column":14}},"27":{"start":{"line":10,"column":13},"end":{"line":10,"column":35}},"28":{"start":{"line":10,"column":13},"end":{"line":63,"column":null}}},"fnMap":{"0":{"name":"(anonymous_1)","decl":{"start":{"line":11,"column":10},"end":{"line":11,"column":27}},"loc":{"start":{"line":11,"column":40},"end":{"line":16,"column":3}}},"1":{"name":"(anonymous_2)","decl":{"start":{"line":18,"column":10},"end":{"line":18,"column":27}},"loc":{"start":{"line":18,"column":39},"end":{"line":23,"column":3}}},"2":{"name":"(anonymous_3)","decl":{"start":{"line":25,"column":10},"end":{"line":25,"column":15}},"loc":{"start":{"line":25,"column":57},"end":{"line":48,"column":3}}},"3":{"name":"(anonymous_4)","decl":{"start":{"line":39,"column":49},"end":{"line":39,"column":50}},"loc":{"start":{"line":39,"column":68},"end":{"line":39,"column":80}}},"4":{"name":"(anonymous_5)","decl":{"start":{"line":50,"column":9},"end":{"line":50,"column":14}},"loc":{"start":{"line":50,"column":61},"end":{"line":62,"column":3}}}},"branchMap":{"0":{"loc":{"start":{"line":13,"column":4},"end":{"line":15,"column":5}},"type":"if","locations":[{"start":{"line":13,"column":4},"end":{"line":15,"column":5}}]},"1":{"loc":{"start":{"line":20,"column":4},"end":{"line":22,"column":5}},"type":"if","locations":[{"start":{"line":20,"column":4},"end":{"line":22,"column":5}}]},"2":{"loc":{"start":{"line":35,"column":6},"end":{"line":37,"column":7}},"type":"if","locations":[{"start":{"line":35,"column":6},"end":{"line":37,"column":7}}]},"3":{"loc":{"start":{"line":41,"column":6},"end":{"line":43,"column":7}},"type":"if","locations":[{"start":{"line":41,"column":6},"end":{"line":43,"column":7}}]},"4":{"loc":{"start":{"line":51,"column":4},"end":{"line":61,"column":5}},"type":"switch","locations":[{"start":{"line":52,"column":6},"end":{"line":54,"column":14}},{"start":{"line":55,"column":6},"end":{"line":57,"column":14}},{"start":{"line":58,"column":6},"end":{"line":60,"column":14}}]}},"s":{"0":0,"1":0,"2":0,"3":0,"4":0,"5":0,"6":0,"7":0,"8":0,"9":0,"10":0,"11":0,"12":0,"13":0,"14":0,"15":0,"16":0,"17":0,"18":0,"19":0,"20":0,"21":0,"22":0,"23":0,"24":0,"25":0,"26":0,"27":0,"28":0},"f":{"0":0,"1":0,"2":0,"3":0,"4":0},"b":{"0":[0],"1":[0],"2":[0],"3":[0],"4":[0,0,0]}}
,"/Users/leodubosclard/Documents/haddock/haddockapp/api/src/authorization/types/authorization.enum.ts": {"path":"/Users/leodubosclard/Documents/haddock/haddockapp/api/src/authorization/types/authorization.enum.ts","statementMap":{"0":{"start":{"line":1,"column":0},"end":{"line":1,"column":null}},"1":{"start":{"line":2,"column":2},"end":{"line":2,"column":null}},"2":{"start":{"line":3,"column":2},"end":{"line":3,"column":null}},"3":{"start":{"line":4,"column":2},"end":{"line":4,"column":null}},"4":{"start":{"line":5,"column":2},"end":{"line":5,"column":null}}},"fnMap":{"0":{"name":"(anonymous_0)","decl":{"start":{"line":1,"column":0},"end":{"line":1,"column":12}},"loc":{"start":{"line":1,"column":29},"end":{"line":6,"column":1}}}},"branchMap":{"0":{"loc":{"start":{"line":1,"column":12},"end":{"line":1,"column":null}},"type":"binary-expr","locations":[{"start":{"line":1,"column":12},"end":{"line":1,"column":29}},{"start":{"line":1,"column":29},"end":{"line":1,"column":null}}]}},"s":{"0":10,"1":10,"2":10,"3":10,"4":10},"f":{"0":10},"b":{"0":[10,10]}}
,"/Users/leodubosclard/Documents/haddock/haddockapp/api/src/autologins/autologins.service.ts": {"path":"/Users/leodubosclard/Documents/haddock/haddockapp/api/src/autologins/autologins.service.ts","statementMap":{"0":{"start":{"line":1,"column":0},"end":{"line":1,"column":54}},"1":{"start":{"line":2,"column":0},"end":{"line":2,"column":87}},"2":{"start":{"line":4,"column":0},"end":{"line":4,"column":36}},"3":{"start":{"line":5,"column":0},"end":{"line":5,"column":51}},"4":{"start":{"line":6,"column":0},"end":{"line":6,"column":57}},"5":{"start":{"line":9,"column":7},"end":{"line":36,"column":null}},"6":{"start":{"line":11,"column":44},"end":{"line":11,"column":63}},"7":{"start":{"line":13,"column":21},"end":{"line":13,"column":34}},"8":{"start":{"line":14,"column":21},"end":{"line":14,"column":37}},"9":{"start":{"line":18,"column":18},"end":{"line":18,"column":26}},"10":{"start":{"line":19,"column":4},"end":{"line":19,"column":83}},"11":{"start":{"line":20,"column":4},"end":{"line":20,"column":17}},"12":{"start":{"line":24,"column":19},"end":{"line":24,"column":76}},"13":{"start":{"line":26,"column":4},"end":{"line":28,"column":5}},"14":{"start":{"line":27,"column":6},"end":{"line":27,"column":76}},"15":{"start":{"line":30,"column":4},"end":{"line":30,"column":54}},"16":{"start":{"line":32,"column":17},"end":{"line":32,"column":59}},"17":{"start":{"line":34,"column":4},"end":{"line":34,"column":63}},"18":{"start":{"line":9,"column":13},"end":{"line":9,"column":30}},"19":{"start":{"line":9,"column":13},"end":{"line":36,"column":null}},"20":{"start":{"line":12,"column":29},"end":{"line":12,"column":40}}},"fnMap":{"0":{"name":"(anonymous_4)","decl":{"start":{"line":10,"column":2},"end":{"line":10,"column":null}},"loc":{"start":{"line":14,"column":51},"end":{"line":15,"column":7}}},"1":{"name":"(anonymous_5)","decl":{"start":{"line":17,"column":2},"end":{"line":17,"column":7}},"loc":{"start":{"line":17,"column":36},"end":{"line":21,"column":3}}},"2":{"name":"(anonymous_6)","decl":{"start":{"line":23,"column":2},"end":{"line":23,"column":7}},"loc":{"start":{"line":23,"column":35},"end":{"line":35,"column":3}}},"3":{"name":"(anonymous_7)","decl":{"start":{"line":12,"column":23},"end":{"line":12,"column":26}},"loc":{"start":{"line":12,"column":29},"end":{"line":12,"column":40}}}},"branchMap":{"0":{"loc":{"start":{"line":26,"column":4},"end":{"line":28,"column":5}},"type":"if","locations":[{"start":{"line":26,"column":4},"end":{"line":28,"column":5}}]}},"s":{"0":4,"1":4,"2":4,"3":4,"4":4,"5":4,"6":8,"7":8,"8":8,"9":1,"10":1,"11":1,"12":3,"13":3,"14":2,"15":1,"16":1,"17":1,"18":4,"19":4,"20":8},"f":{"0":8,"1":1,"2":3,"3":8},"b":{"0":[2]}}
,"/Users/leodubosclard/Documents/haddock/haddockapp/api/src/autologins/dto/autologin.request.ts": {"path":"/Users/leodubosclard/Documents/haddock/haddockapp/api/src/autologins/dto/autologin.request.ts","statementMap":{"0":{"start":{"line":1,"column":0},"end":{"line":1,"column":41}},"1":{"start":{"line":3,"column":0},"end":{"line":3,"column":13}},"2":{"start":{"line":5,"column":2},"end":{"line":5,"column":null}}},"fnMap":{},"branchMap":{},"s":{"0":1,"1":1,"2":1},"f":{},"b":{}}
,"/Users/leodubosclard/Documents/haddock/haddockapp/api/src/autologins/entities/autologin.entity.ts": {"path":"/Users/leodubosclard/Documents/haddock/haddockapp/api/src/autologins/entities/autologin.entity.ts","statementMap":{"0":{"start":{"line":1,"column":0},"end":{"line":1,"column":13}}},"fnMap":{},"branchMap":{},"s":{"0":0},"f":{},"b":{}}
,"/Users/leodubosclard/Documents/haddock/haddockapp/api/src/caddy/caddy.service.ts": {"path":"/Users/leodubosclard/Documents/haddock/haddockapp/api/src/caddy/caddy.service.ts","statementMap":{"0":{"start":{"line":1,"column":0},"end":{"line":1,"column":44}},"1":{"start":{"line":2,"column":0},"end":{"line":2,"column":34}},"2":{"start":{"line":3,"column":0},"end":{"line":3,"column":40}},"3":{"start":{"line":4,"column":0},"end":{"line":4,"column":37}},"4":{"start":{"line":6,"column":0},"end":{"line":6,"column":51}},"5":{"start":{"line":9,"column":7},"end":{"line":43,"column":null}},"6":{"start":{"line":10,"column":19},"end":{"line":12,"column":9}},"7":{"start":{"line":15,"column":4},"end":{"line":19,"column":5}},"8":{"start":{"line":16,"column":6},"end":{"line":18,"column":8}},"9":{"start":{"line":21,"column":4},"end":{"line":21,"column":36}},"10":{"start":{"line":25,"column":4},"end":{"line":27,"column":7}},"11":{"start":{"line":31,"column":4},"end":{"line":33,"column":7}},"12":{"start":{"line":37,"column":21},"end":{"line":37,"column":60}},"13":{"start":{"line":38,"column":20},"end":{"line":38,"column":41}},"14":{"start":{"line":40,"column":4},"end":{"line":40,"column":51}},"15":{"start":{"line":41,"column":4},"end":{"line":41,"column":29}},"16":{"start":{"line":9,"column":13},"end":{"line":9,"column":25}},"17":{"start":{"line":9,"column":13},"end":{"line":43,"column":null}}},"fnMap":{"0":{"name":"(anonymous_1)","decl":{"start":{"line":9,"column":7},"end":{"line":9,"column":13}},"loc":{"start":{"line":9,"column":7},"end":{"line":43,"column":1}}},"1":{"name":"(anonymous_2)","decl":{"start":{"line":14,"column":10},"end":{"line":14,"column":15}},"loc":{"start":{"line":14,"column":44},"end":{"line":22,"column":3}}},"2":{"name":"(anonymous_3)","decl":{"start":{"line":24,"column":10},"end":{"line":24,"column":15}},"loc":{"start":{"line":24,"column":59},"end":{"line":28,"column":3}}},"3":{"name":"(anonymous_4)","decl":{"start":{"line":30,"column":10},"end":{"line":30,"column":15}},"loc":{"start":{"line":30,"column":27},"end":{"line":34,"column":3}}},"4":{"name":"(anonymous_5)","decl":{"start":{"line":36,"column":2},"end":{"line":36,"column":7}},"loc":{"start":{"line":36,"column":36},"end":{"line":42,"column":3}}}},"branchMap":{"0":{"loc":{"start":{"line":15,"column":4},"end":{"line":19,"column":5}},"type":"if","locations":[{"start":{"line":15,"column":4},"end":{"line":19,"column":5}}]}},"s":{"0":6,"1":6,"2":6,"3":6,"4":6,"5":6,"6":3,"7":3,"8":2,"9":3,"10":3,"11":3,"12":3,"13":3,"14":3,"15":3,"16":6,"17":6},"f":{"0":3,"1":3,"2":3,"3":3,"4":3},"b":{"0":[2]}}
,"/Users/leodubosclard/Documents/haddock/haddockapp/api/src/compose/compose.service.ts": {"path":"/Users/leodubosclard/Documents/haddock/haddockapp/api/src/compose/compose.service.ts","statementMap":{"0":{"start":{"line":1,"column":0},"end":{"line":1,"column":44}},"1":{"start":{"line":2,"column":0},"end":{"line":2,"column":29}},"2":{"start":{"line":3,"column":0},"end":{"line":3,"column":25}},"3":{"start":{"line":9,"column":7},"end":{"line":81,"column":null}},"4":{"start":{"line":11,"column":28},"end":{"line":11,"column":39}},"5":{"start":{"line":12,"column":30},"end":{"line":12,"column":32}},"6":{"start":{"line":14,"column":4},"end":{"line":16,"column":5}},"7":{"start":{"line":15,"column":6},"end":{"line":15,"column":16}},"8":{"start":{"line":18,"column":4},"end":{"line":62,"column":7}},"9":{"start":{"line":19,"column":19},"end":{"line":19,"column":31}},"10":{"start":{"line":21,"column":30},"end":{"line":21,"column":34}},"11":{"start":{"line":22,"column":6},"end":{"line":27,"column":7}},"12":{"start":{"line":23,"column":8},"end":{"line":26,"column":10}},"13":{"start":{"line":29,"column":42},"end":{"line":29,"column":46}},"14":{"start":{"line":30,"column":6},"end":{"line":38,"column":7}},"15":{"start":{"line":31,"column":23},"end":{"line":31,"column":68}},"16":{"start":{"line":32,"column":8},"end":{"line":37,"column":10}},"17":{"start":{"line":40,"column":24},"end":{"line":40,"column":26}},"18":{"start":{"line":41,"column":6},"end":{"line":50,"column":7}},"19":{"start":{"line":42,"column":8},"end":{"line":49,"column":9}},"20":{"start":{"line":43,"column":10},"end":{"line":46,"column":11}},"21":{"start":{"line":44,"column":33},"end":{"line":44,"column":48}},"22":{"start":{"line":45,"column":12},"end":{"line":45,"column":37}},"23":{"start":{"line":48,"column":10},"end":{"line":48,"column":41}},"24":{"start":{"line":52,"column":6},"end":{"line":61,"column":9}},"25":{"start":{"line":55,"column":48},"end":{"line":55,"column":66}},"26":{"start":{"line":64,"column":4},"end":{"line":64,"column":15}},"27":{"start":{"line":68,"column":17},"end":{"line":68,"column":72}},"28":{"start":{"line":70,"column":4},"end":{"line":72,"column":5}},"29":{"start":{"line":71,"column":6},"end":{"line":71,"column":16}},"30":{"start":{"line":74,"column":27},"end":{"line":74,"column":68}},"31":{"start":{"line":75,"column":4},"end":{"line":77,"column":5}},"32":{"start":{"line":76,"column":6},"end":{"line":76,"column":16}},"33":{"start":{"line":79,"column":4},"end":{"line":79,"column":37}},"34":{"start":{"line":9,"column":13},"end":{"line":9,"column":27}},"35":{"start":{"line":9,"column":13},"end":{"line":81,"column":null}}},"fnMap":{"0":{"name":"(anonymous_1)","decl":{"start":{"line":10,"column":2},"end":{"line":10,"column":15}},"loc":{"start":{"line":10,"column":28},"end":{"line":65,"column":3}}},"1":{"name":"(anonymous_2)","decl":{"start":{"line":18,"column":48},"end":{"line":18,"column":49}},"loc":{"start":{"line":18,"column":66},"end":{"line":62,"column":5}}},"2":{"name":"(anonymous_3)","decl":{"start":{"line":55,"column":38},"end":{"line":55,"column":39}},"loc":{"start":{"line":55,"column":48},"end":{"line":55,"column":66}}},"3":{"name":"(anonymous_4)","decl":{"start":{"line":67,"column":2},"end":{"line":67,"column":17}},"loc":{"start":{"line":67,"column":56},"end":{"line":80,"column":3}}}},"branchMap":{"0":{"loc":{"start":{"line":14,"column":4},"end":{"line":16,"column":5}},"type":"if","locations":[{"start":{"line":14,"column":4},"end":{"line":16,"column":5}}]},"1":{"loc":{"start":{"line":22,"column":6},"end":{"line":27,"column":7}},"type":"if","locations":[{"start":{"line":22,"column":6},"end":{"line":27,"column":7}}]},"2":{"loc":{"start":{"line":30,"column":6},"end":{"line":38,"column":7}},"type":"if","locations":[{"start":{"line":30,"column":6},"end":{"line":38,"column":7}}]},"3":{"loc":{"start":{"line":33,"column":18},"end":{"line":35,"column":48}},"type":"cond-expr","locations":[{"start":{"line":34,"column":14},"end":{"line":34,"column":41}},{"start":{"line":35,"column":14},"end":{"line":35,"column":48}}]},"4":{"loc":{"start":{"line":41,"column":6},"end":{"line":50,"column":7}},"type":"if","locations":[{"start":{"line":41,"column":6},"end":{"line":50,"column":7}}]},"5":{"loc":{"start":{"line":42,"column":8},"end":{"line":49,"column":9}},"type":"if","locations":[{"start":{"line":42,"column":8},"end":{"line":49,"column":9}},{"start":{"line":47,"column":15},"end":{"line":49,"column":9}}]},"6":{"loc":{"start":{"line":54,"column":15},"end":{"line":54,"column":48}},"type":"binary-expr","locations":[{"start":{"line":54,"column":15},"end":{"line":54,"column":25}},{"start":{"line":54,"column":29},"end":{"line":54,"column":48}}]},"7":{"loc":{"start":{"line":55,"column":16},"end":{"line":55,"column":32}},"type":"binary-expr","locations":[{"start":{"line":55,"column":16},"end":{"line":55,"column":26}},{"start":{"line":55,"column":30},"end":{"line":55,"column":32}}]},"8":{"loc":{"start":{"line":56,"column":18},"end":{"line":56,"column":37}},"type":"binary-expr","locations":[{"start":{"line":56,"column":18},"end":{"line":56,"column":31}},{"start":{"line":56,"column":35},"end":{"line":56,"column":37}}]},"9":{"loc":{"start":{"line":57,"column":20},"end":{"line":57,"column":41}},"type":"binary-expr","locations":[{"start":{"line":57,"column":20},"end":{"line":57,"column":35}},{"start":{"line":57,"column":39},"end":{"line":57,"column":41}}]},"10":{"loc":{"start":{"line":70,"column":4},"end":{"line":72,"column":5}},"type":"if","locations":[{"start":{"line":70,"column":4},"end":{"line":72,"column":5}}]},"11":{"loc":{"start":{"line":75,"column":4},"end":{"line":77,"column":5}},"type":"if","locations":[{"start":{"line":75,"column":4},"end":{"line":77,"column":5}}]}},"s":{"0":1,"1":1,"2":1,"3":1,"4":9,"5":9,"6":9,"7":1,"8":8,"9":9,"10":9,"11":9,"12":1,"13":9,"14":9,"15":3,"16":3,"17":9,"18":9,"19":5,"20":3,"21":6,"22":6,"23":2,"24":9,"25":5,"26":8,"27":2,"28":2,"29":1,"30":1,"31":1,"32":0,"33":1,"34":1,"35":1},"f":{"0":9,"1":9,"2":5,"3":2},"b":{"0":[1],"1":[1],"2":[3],"3":[2,1],"4":[5],"5":[3,2],"6":[9,1],"7":[9,5],"8":[9,7],"9":[9,8],"10":[1],"11":[0]}}
,"/Users/leodubosclard/Documents/haddock/haddockapp/api/src/compose/tests/mocks/compose.mock.ts": {"path":"/Users/leodubosclard/Documents/haddock/haddockapp/api/src/compose/tests/mocks/compose.mock.ts","statementMap":{"0":{"start":{"line":1,"column":13},"end":{"line":9,"column":2}},"1":{"start":{"line":11,"column":13},"end":{"line":29,"column":2}},"2":{"start":{"line":31,"column":13},"end":{"line":71,"column":2}}},"fnMap":{},"branchMap":{},"s":{"0":1,"1":1,"2":1},"f":{},"b":{}}
,"/Users/leodubosclard/Documents/haddock/haddockapp/api/src/configuration/configuration.repository.ts": {"path":"/Users/leodubosclard/Documents/haddock/haddockapp/api/src/configuration/configuration.repository.ts","statementMap":{"0":{"start":{"line":1,"column":0},"end":{"line":1,"column":44}},"1":{"start":{"line":3,"column":0},"end":{"line":3,"column":58}},"2":{"start":{"line":6,"column":7},"end":{"line":50,"column":null}},"3":{"start":{"line":7,"column":33},"end":{"line":7,"column":48}},"4":{"start":{"line":10,"column":8},"end":{"line":15,"column":11}},"5":{"start":{"line":19,"column":8},"end":{"line":19,"column":62}},"6":{"start":{"line":23,"column":8},"end":{"line":27,"column":11}},"7":{"start":{"line":31,"column":8},"end":{"line":37,"column":11}},"8":{"start":{"line":41,"column":8},"end":{"line":48,"column":11}},"9":{"start":{"line":6,"column":13},"end":{"line":6,"column":36}},"10":{"start":{"line":6,"column":13},"end":{"line":50,"column":null}}},"fnMap":{"0":{"name":"(anonymous_2)","decl":{"start":{"line":7,"column":4},"end":{"line":7,"column":33}},"loc":{"start":{"line":7,"column":61},"end":{"line":7,"column":65}}},"1":{"name":"(anonymous_3)","decl":{"start":{"line":9,"column":4},"end":{"line":9,"column":9}},"loc":{"start":{"line":9,"column":66},"end":{"line":16,"column":5}}},"2":{"name":"(anonymous_4)","decl":{"start":{"line":18,"column":4},"end":{"line":18,"column":9}},"loc":{"start":{"line":18,"column":26},"end":{"line":20,"column":5}}},"3":{"name":"(anonymous_5)","decl":{"start":{"line":22,"column":4},"end":{"line":22,"column":9}},"loc":{"start":{"line":22,"column":43},"end":{"line":28,"column":5}}},"4":{"name":"(anonymous_6)","decl":{"start":{"line":30,"column":4},"end":{"line":30,"column":9}},"loc":{"start":{"line":30,"column":47},"end":{"line":38,"column":5}}},"5":{"name":"(anonymous_7)","decl":{"start":{"line":40,"column":4},"end":{"line":40,"column":9}},"loc":{"start":{"line":40,"column":66},"end":{"line":49,"column":5}}}},"branchMap":{},"s":{"0":5,"1":5,"2":5,"3":6,"4":1,"5":1,"6":2,"7":1,"8":1,"9":5,"10":5},"f":{"0":6,"1":1,"2":1,"3":2,"4":1,"5":1},"b":{}}
,"/Users/leodubosclard/Documents/haddock/haddockapp/api/src/configuration/configuration.service.ts": {"path":"/Users/leodubosclard/Documents/haddock/haddockapp/api/src/configuration/configuration.service.ts","statementMap":{"0":{"start":{"line":1,"column":0},"end":{"line":1,"column":44}},"1":{"start":{"line":2,"column":0},"end":{"line":2,"column":69}},"2":{"start":{"line":5,"column":0},"end":{"line":5,"column":null}},"3":{"start":{"line":16,"column":0},"end":{"line":16,"column":41}},"4":{"start":{"line":19,"column":7},"end":{"line":301,"column":null}},"5":{"start":{"line":23,"column":21},"end":{"line":23,"column":46}},"6":{"start":{"line":20,"column":10},"end":{"line":20,"column":63}},"7":{"start":{"line":32,"column":4},"end":{"line":32,"column":16}},"8":{"start":{"line":36,"column":20},"end":{"line":39,"column":6}},"9":{"start":{"line":40,"column":4},"end":{"line":42,"column":5}},"10":{"start":{"line":41,"column":6},"end":{"line":41,"column":18}},"11":{"start":{"line":44,"column":4},"end":{"line":49,"column":6}},"12":{"start":{"line":45,"column":37},"end":{"line":45,"column":60}},"13":{"start":{"line":47,"column":21},"end":{"line":47,"column":48}},"14":{"start":{"line":53,"column":19},"end":{"line":53,"column":54}},"15":{"start":{"line":54,"column":4},"end":{"line":72,"column":5}},"16":{"start":{"line":55,"column":6},"end":{"line":58,"column":8}},"17":{"start":{"line":59,"column":6},"end":{"line":62,"column":8}},"18":{"start":{"line":64,"column":6},"end":{"line":67,"column":8}},"19":{"start":{"line":68,"column":6},"end":{"line":71,"column":8}},"20":{"start":{"line":77,"column":6},"end":{"line":77,"column":67}},"21":{"start":{"line":78,"column":4},"end":{"line":82,"column":5}},"22":{"start":{"line":79,"column":6},"end":{"line":79,"column":73}},"23":{"start":{"line":81,"column":6},"end":{"line":81,"column":73}},"24":{"start":{"line":86,"column":20},"end":{"line":86,"column":73}},"25":{"start":{"line":87,"column":4},"end":{"line":89,"column":6}},"26":{"start":{"line":88,"column":18},"end":{"line":88,"column":60}},"27":{"start":{"line":99,"column":4},"end":{"line":99,"column":16}},"28":{"start":{"line":103,"column":20},"end":{"line":109,"column":6}},"29":{"start":{"line":111,"column":23},"end":{"line":111,"column":74}},"30":{"start":{"line":111,"column":43},"end":{"line":111,"column":73}},"31":{"start":{"line":112,"column":19},"end":{"line":112,"column":65}},"32":{"start":{"line":112,"column":39},"end":{"line":112,"column":64}},"33":{"start":{"line":113,"column":17},"end":{"line":113,"column":61}},"34":{"start":{"line":113,"column":37},"end":{"line":113,"column":60}},"35":{"start":{"line":114,"column":24},"end":{"line":114,"column":76}},"36":{"start":{"line":114,"column":44},"end":{"line":114,"column":75}},"37":{"start":{"line":115,"column":20},"end":{"line":115,"column":67}},"38":{"start":{"line":115,"column":40},"end":{"line":115,"column":66}},"39":{"start":{"line":117,"column":4},"end":{"line":119,"column":5}},"40":{"start":{"line":118,"column":6},"end":{"line":118,"column":18}},"41":{"start":{"line":121,"column":4},"end":{"line":129,"column":6}},"42":{"start":{"line":133,"column":19},"end":{"line":133,"column":52}},"43":{"start":{"line":134,"column":4},"end":{"line":134,"column":29}},"44":{"start":{"line":134,"column":17},"end":{"line":134,"column":29}},"45":{"start":{"line":137,"column":4},"end":{"line":143,"column":6}},"46":{"start":{"line":147,"column":4},"end":{"line":147,"column":62}},"47":{"start":{"line":156,"column":19},"end":{"line":156,"column":52}},"48":{"start":{"line":157,"column":4},"end":{"line":194,"column":5}},"49":{"start":{"line":158,"column":6},"end":{"line":161,"column":8}},"50":{"start":{"line":162,"column":6},"end":{"line":165,"column":8}},"51":{"start":{"line":166,"column":6},"end":{"line":169,"column":8}},"52":{"start":{"line":170,"column":6},"end":{"line":175,"column":7}},"53":{"start":{"line":171,"column":8},"end":{"line":174,"column":10}},"54":{"start":{"line":177,"column":6},"end":{"line":180,"column":8}},"55":{"start":{"line":181,"column":6},"end":{"line":184,"column":8}},"56":{"start":{"line":185,"column":6},"end":{"line":188,"column":8}},"57":{"start":{"line":189,"column":6},"end":{"line":193,"column":10}},"58":{"start":{"line":190,"column":8},"end":{"line":193,"column":10}},"59":{"start":{"line":203,"column":4},"end":{"line":205,"column":5}},"60":{"start":{"line":204,"column":6},"end":{"line":204,"column":71}},"61":{"start":{"line":206,"column":4},"end":{"line":208,"column":5}},"62":{"start":{"line":207,"column":6},"end":{"line":207,"column":62}},"63":{"start":{"line":209,"column":4},"end":{"line":211,"column":5}},"64":{"start":{"line":210,"column":6},"end":{"line":210,"column":58}},"65":{"start":{"line":212,"column":4},"end":{"line":214,"column":5}},"66":{"start":{"line":213,"column":6},"end":{"line":213,"column":73}},"67":{"start":{"line":222,"column":29},"end":{"line":222,"column":31}},"68":{"start":{"line":223,"column":31},"end":{"line":223,"column":33}},"69":{"start":{"line":226,"column":19},"end":{"line":226,"column":52}},"70":{"start":{"line":227,"column":4},"end":{"line":230,"column":5}},"71":{"start":{"line":228,"column":6},"end":{"line":228,"column":54}},"72":{"start":{"line":229,"column":6},"end":{"line":229,"column":48}},"73":{"start":{"line":233,"column":4},"end":{"line":240,"column":5}},"74":{"start":{"line":234,"column":28},"end":{"line":234,"column":54}},"75":{"start":{"line":235,"column":6},"end":{"line":237,"column":7}},"76":{"start":{"line":236,"column":8},"end":{"line":236,"column":67}},"77":{"start":{"line":239,"column":6},"end":{"line":239,"column":52}},"78":{"start":{"line":243,"column":4},"end":{"line":244,"column":69}},"79":{"start":{"line":244,"column":6},"end":{"line":244,"column":69}},"80":{"start":{"line":245,"column":4},"end":{"line":246,"column":67}},"81":{"start":{"line":246,"column":6},"end":{"line":246,"column":67}},"82":{"start":{"line":249,"column":4},"end":{"line":250,"column":44}},"83":{"start":{"line":250,"column":6},"end":{"line":250,"column":44}},"84":{"start":{"line":253,"column":4},"end":{"line":262,"column":5}},"85":{"start":{"line":254,"column":6},"end":{"line":261,"column":7}},"86":{"start":{"line":255,"column":28},"end":{"line":255,"column":55}},"87":{"start":{"line":256,"column":8},"end":{"line":258,"column":9}},"88":{"start":{"line":257,"column":10},"end":{"line":257,"column":70}},"89":{"start":{"line":260,"column":8},"end":{"line":260,"column":55}},"90":{"start":{"line":265,"column":4},"end":{"line":290,"column":5}},"91":{"start":{"line":266,"column":6},"end":{"line":283,"column":8}},"92":{"start":{"line":287,"column":6},"end":{"line":289,"column":8}},"93":{"start":{"line":293,"column":4},"end":{"line":293,"column":73}},"94":{"start":{"line":293,"column":25},"end":{"line":293,"column":73}},"95":{"start":{"line":295,"column":4},"end":{"line":299,"column":6}},"96":{"start":{"line":19,"column":13},"end":{"line":19,"column":33}},"97":{"start":{"line":19,"column":13},"end":{"line":301,"column":null}}},"fnMap":{"0":{"name":"(anonymous_2)","decl":{"start":{"line":22,"column":2},"end":{"line":22,"column":null}},"loc":{"start":{"line":23,"column":69},"end":{"line":24,"column":6}}},"1":{"name":"(anonymous_3)","decl":{"start":{"line":26,"column":2},"end":{"line":26,"column":7}},"loc":{"start":{"line":28,"column":24},"end":{"line":33,"column":3}}},"2":{"name":"(anonymous_4)","decl":{"start":{"line":35,"column":2},"end":{"line":35,"column":7}},"loc":{"start":{"line":35,"column":30},"end":{"line":50,"column":3}}},"3":{"name":"(anonymous_5)","decl":{"start":{"line":45,"column":30},"end":{"line":45,"column":31}},"loc":{"start":{"line":45,"column":37},"end":{"line":45,"column":60}}},"4":{"name":"(anonymous_6)","decl":{"start":{"line":47,"column":14},"end":{"line":47,"column":15}},"loc":{"start":{"line":47,"column":21},"end":{"line":47,"column":48}}},"5":{"name":"(anonymous_7)","decl":{"start":{"line":52,"column":2},"end":{"line":52,"column":7}},"loc":{"start":{"line":52,"column":74},"end":{"line":73,"column":3}}},"6":{"name":"(anonymous_8)","decl":{"start":{"line":75,"column":2},"end":{"line":75,"column":7}},"loc":{"start":{"line":75,"column":64},"end":{"line":83,"column":3}}},"7":{"name":"(anonymous_9)","decl":{"start":{"line":85,"column":2},"end":{"line":85,"column":7}},"loc":{"start":{"line":85,"column":29},"end":{"line":90,"column":3}}},"8":{"name":"(anonymous_10)","decl":{"start":{"line":88,"column":6},"end":{"line":88,"column":7}},"loc":{"start":{"line":88,"column":18},"end":{"line":88,"column":60}}},"9":{"name":"(anonymous_11)","decl":{"start":{"line":92,"column":2},"end":{"line":92,"column":7}},"loc":{"start":{"line":95,"column":16},"end":{"line":100,"column":3}}},"10":{"name":"(anonymous_12)","decl":{"start":{"line":102,"column":2},"end":{"line":102,"column":7}},"loc":{"start":{"line":102,"column":28},"end":{"line":130,"column":3}}},"11":{"name":"(anonymous_13)","decl":{"start":{"line":111,"column":36},"end":{"line":111,"column":37}},"loc":{"start":{"line":111,"column":43},"end":{"line":111,"column":73}}},"12":{"name":"(anonymous_14)","decl":{"start":{"line":112,"column":32},"end":{"line":112,"column":33}},"loc":{"start":{"line":112,"column":39},"end":{"line":112,"column":64}}},"13":{"name":"(anonymous_15)","decl":{"start":{"line":113,"column":30},"end":{"line":113,"column":31}},"loc":{"start":{"line":113,"column":37},"end":{"line":113,"column":60}}},"14":{"name":"(anonymous_16)","decl":{"start":{"line":114,"column":37},"end":{"line":114,"column":38}},"loc":{"start":{"line":114,"column":44},"end":{"line":114,"column":75}}},"15":{"name":"(anonymous_17)","decl":{"start":{"line":115,"column":33},"end":{"line":115,"column":34}},"loc":{"start":{"line":115,"column":40},"end":{"line":115,"column":66}}},"16":{"name":"(anonymous_18)","decl":{"start":{"line":132,"column":2},"end":{"line":132,"column":7}},"loc":{"start":{"line":132,"column":34},"end":{"line":144,"column":3}}},"17":{"name":"(anonymous_19)","decl":{"start":{"line":146,"column":2},"end":{"line":146,"column":7}},"loc":{"start":{"line":146,"column":42},"end":{"line":148,"column":3}}},"18":{"name":"(anonymous_20)","decl":{"start":{"line":150,"column":2},"end":{"line":150,"column":7}},"loc":{"start":{"line":154,"column":24},"end":{"line":195,"column":3}}},"19":{"name":"(anonymous_21)","decl":{"start":{"line":197,"column":2},"end":{"line":197,"column":7}},"loc":{"start":{"line":201,"column":24},"end":{"line":215,"column":3}}},"20":{"name":"(anonymous_22)","decl":{"start":{"line":217,"column":2},"end":{"line":217,"column":7}},"loc":{"start":{"line":217,"column":29},"end":{"line":300,"column":3}}},"21":{"name":"(anonymous_23)","decl":{"start":{"line":280,"column":8},"end":{"line":280,"column":11}},"loc":{"start":{"line":280,"column":13},"end":{"line":282,"column":9}}}},"branchMap":{"0":{"loc":{"start":{"line":40,"column":4},"end":{"line":42,"column":5}},"type":"if","locations":[{"start":{"line":40,"column":4},"end":{"line":42,"column":5}}]},"1":{"loc":{"start":{"line":54,"column":4},"end":{"line":72,"column":5}},"type":"if","locations":[{"start":{"line":54,"column":4},"end":{"line":72,"column":5}},{"start":{"line":63,"column":11},"end":{"line":72,"column":5}}]},"2":{"loc":{"start":{"line":78,"column":4},"end":{"line":82,"column":5}},"type":"if","locations":[{"start":{"line":78,"column":4},"end":{"line":82,"column":5}},{"start":{"line":80,"column":11},"end":{"line":82,"column":5}}]},"3":{"loc":{"start":{"line":117,"column":4},"end":{"line":119,"column":5}},"type":"if","locations":[{"start":{"line":117,"column":4},"end":{"line":119,"column":5}}]},"4":{"loc":{"start":{"line":117,"column":8},"end":{"line":117,"column":39}},"type":"binary-expr","locations":[{"start":{"line":117,"column":8},"end":{"line":117,"column":19}},{"start":{"line":117,"column":23},"end":{"line":117,"column":30}},{"start":{"line":117,"column":34},"end":{"line":117,"column":39}}]},"5":{"loc":{"start":{"line":125,"column":19},"end":{"line":127,"column":64}},"type":"cond-expr","locations":[{"start":{"line":126,"column":10},"end":{"line":126,"column":38}},{"start":{"line":127,"column":10},"end":{"line":127,"column":64}}]},"6":{"loc":{"start":{"line":127,"column":10},"end":{"line":127,"column":64}},"type":"binary-expr","locations":[{"start":{"line":127,"column":10},"end":{"line":127,"column":39}},{"start":{"line":127,"column":43},"end":{"line":127,"column":64}}]},"7":{"loc":{"start":{"line":128,"column":15},"end":{"line":128,"column":59}},"type":"cond-expr","locations":[{"start":{"line":128,"column":26},"end":{"line":128,"column":51}},{"start":{"line":128,"column":54},"end":{"line":128,"column":59}}]},"8":{"loc":{"start":{"line":134,"column":4},"end":{"line":134,"column":29}},"type":"if","locations":[{"start":{"line":134,"column":4},"end":{"line":134,"column":29}}]},"9":{"loc":{"start":{"line":142,"column":15},"end":{"line":142,"column":38}},"type":"binary-expr","locations":[{"start":{"line":142,"column":15},"end":{"line":142,"column":29}},{"start":{"line":142,"column":33},"end":{"line":142,"column":38}}]},"10":{"loc":{"start":{"line":157,"column":4},"end":{"line":194,"column":5}},"type":"if","locations":[{"start":{"line":157,"column":4},"end":{"line":194,"column":5}},{"start":{"line":176,"column":11},"end":{"line":194,"column":5}}]},"11":{"loc":{"start":{"line":170,"column":6},"end":{"line":175,"column":7}},"type":"if","locations":[{"start":{"line":170,"column":6},"end":{"line":175,"column":7}}]},"12":{"loc":{"start":{"line":189,"column":6},"end":{"line":193,"column":10}},"type":"if","locations":[{"start":{"line":189,"column":6},"end":{"line":193,"column":10}}]},"13":{"loc":{"start":{"line":203,"column":4},"end":{"line":205,"column":5}},"type":"if","locations":[{"start":{"line":203,"column":4},"end":{"line":205,"column":5}}]},"14":{"loc":{"start":{"line":206,"column":4},"end":{"line":208,"column":5}},"type":"if","locations":[{"start":{"line":206,"column":4},"end":{"line":208,"column":5}}]},"15":{"loc":{"start":{"line":209,"column":4},"end":{"line":211,"column":5}},"type":"if","locations":[{"start":{"line":209,"column":4},"end":{"line":211,"column":5}}]},"16":{"loc":{"start":{"line":212,"column":4},"end":{"line":214,"column":5}},"type":"if","locations":[{"start":{"line":212,"column":4},"end":{"line":214,"column":5}}]},"17":{"loc":{"start":{"line":227,"column":4},"end":{"line":230,"column":5}},"type":"if","locations":[{"start":{"line":227,"column":4},"end":{"line":230,"column":5}}]},"18":{"loc":{"start":{"line":235,"column":6},"end":{"line":237,"column":7}},"type":"if","locations":[{"start":{"line":235,"column":6},"end":{"line":237,"column":7}}]},"19":{"loc":{"start":{"line":243,"column":4},"end":{"line":244,"column":69}},"type":"if","locations":[{"start":{"line":243,"column":4},"end":{"line":244,"column":69}}]},"20":{"loc":{"start":{"line":245,"column":4},"end":{"line":246,"column":67}},"type":"if","locations":[{"start":{"line":245,"column":4},"end":{"line":246,"column":67}}]},"21":{"loc":{"start":{"line":249,"column":4},"end":{"line":250,"column":44}},"type":"if","locations":[{"start":{"line":249,"column":4},"end":{"line":250,"column":44}}]},"22":{"loc":{"start":{"line":249,"column":8},"end":{"line":249,"column":59}},"type":"binary-expr","locations":[{"start":{"line":249,"column":8},"end":{"line":249,"column":22}},{"start":{"line":249,"column":26},"end":{"line":249,"column":59}}]},"23":{"loc":{"start":{"line":253,"column":4},"end":{"line":262,"column":5}},"type":"if","locations":[{"start":{"line":253,"column":4},"end":{"line":262,"column":5}}]},"24":{"loc":{"start":{"line":256,"column":8},"end":{"line":258,"column":9}},"type":"if","locations":[{"start":{"line":256,"column":8},"end":{"line":258,"column":9}}]},"25":{"loc":{"start":{"line":269,"column":12},"end":{"line":271,"column":33}},"type":"binary-expr","locations":[{"start":{"line":269,"column":12},"end":{"line":269,"column":30}},{"start":{"line":270,"column":12},"end":{"line":270,"column":41}},{"start":{"line":271,"column":12},"end":{"line":271,"column":33}}]},"26":{"loc":{"start":{"line":288,"column":47},"end":{"line":288,"column":101}},"type":"cond-expr","locations":[{"start":{"line":288,"column":72},"end":{"line":288,"column":85}},{"start":{"line":288,"column":88},"end":{"line":288,"column":101}}]},"27":{"loc":{"start":{"line":293,"column":4},"end":{"line":293,"column":73}},"type":"if","locations":[{"start":{"line":293,"column":4},"end":{"line":293,"column":73}}]}},"s":{"0":4,"1":4,"2":4,"3":4,"4":4,"5":13,"6":13,"7":1,"8":2,"9":2,"10":1,"11":1,"12":1,"13":2,"14":0,"15":0,"16":0,"17":0,"18":0,"19":0,"20":5,"21":5,"22":2,"23":3,"24":0,"25":0,"26":0,"27":0,"28":4,"29":4,"30":4,"31":4,"32":7,"33":4,"34":10,"35":4,"36":12,"37":4,"38":13,"39":4,"40":1,"41":3,"42":0,"43":0,"44":0,"45":0,"46":0,"47":0,"48":0,"49":0,"50":0,"51":0,"52":0,"53":0,"54":0,"55":0,"56":0,"57":0,"58":0,"59":0,"60":0,"61":0,"62":0,"63":0,"64":0,"65":0,"66":0,"67":0,"68":0,"69":0,"70":0,"71":0,"72":0,"73":0,"74":0,"75":0,"76":0,"77":0,"78":0,"79":0,"80":0,"81":0,"82":0,"83":0,"84":0,"85":0,"86":0,"87":0,"88":0,"89":0,"90":0,"91":0,"92":0,"93":0,"94":0,"95":0,"96":4,"97":4},"f":{"0":13,"1":1,"2":2,"3":1,"4":2,"5":0,"6":5,"7":0,"8":0,"9":0,"10":4,"11":4,"12":7,"13":10,"14":12,"15":13,"16":0,"17":0,"18":0,"19":0,"20":0,"21":0},"b":{"0":[1],"1":[0,0],"2":[2,3],"3":[1],"4":[4,4,3],"5":[1,2],"6":[2,2],"7":[2,1],"8":[0],"9":[0,0],"10":[0,0],"11":[0],"12":[0],"13":[0],"14":[0],"15":[0],"16":[0],"17":[0],"18":[0],"19":[0],"20":[0],"21":[0],"22":[0,0],"23":[0],"24":[0],"25":[0,0,0],"26":[0,0],"27":[0]}}
,"/Users/leodubosclard/Documents/haddock/haddockapp/api/src/configuration/utils/consts.ts": {"path":"/Users/leodubosclard/Documents/haddock/haddockapp/api/src/configuration/utils/consts.ts","statementMap":{"0":{"start":{"line":1,"column":13},"end":{"line":1,"column":48}},"1":{"start":{"line":2,"column":13},"end":{"line":2,"column":56}},"2":{"start":{"line":3,"column":13},"end":{"line":3,"column":43}},"3":{"start":{"line":4,"column":13},"end":{"line":4,"column":55}},"4":{"start":{"line":5,"column":13},"end":{"line":5,"column":45}},"5":{"start":{"line":6,"column":13},"end":{"line":6,"column":41}},"6":{"start":{"line":7,"column":13},"end":{"line":7,"column":57}},"7":{"start":{"line":8,"column":13},"end":{"line":8,"column":47}}},"fnMap":{},"branchMap":{},"s":{"0":4,"1":4,"2":4,"3":4,"4":4,"5":4,"6":4,"7":4},"f":{},"b":{}}
,"/Users/leodubosclard/Documents/haddock/haddockapp/api/src/docker/docker.service.ts": {"path":"/Users/leodubosclard/Documents/haddock/haddockapp/api/src/docker/docker.service.ts","statementMap":{"0":{"start":{"line":1,"column":0},"end":{"line":1,"column":44}},"1":{"start":{"line":2,"column":0},"end":{"line":2,"column":26}},"2":{"start":{"line":5,"column":7},"end":{"line":11,"column":null}},"3":{"start":{"line":8,"column":20},"end":{"line":8,"column":98}},"4":{"start":{"line":9,"column":8},"end":{"line":9,"column":28}},"5":{"start":{"line":5,"column":13},"end":{"line":5,"column":26}},"6":{"start":{"line":5,"column":13},"end":{"line":11,"column":null}}},"fnMap":{"0":{"name":"(anonymous_1)","decl":{"start":{"line":7,"column":4},"end":{"line":7,"column":9}},"loc":{"start":{"line":7,"column":40},"end":{"line":10,"column":5}}}},"branchMap":{},"s":{"0":4,"1":4,"2":4,"3":6,"4":3,"5":4,"6":4},"f":{"0":6},"b":{}}
,"/Users/leodubosclard/Documents/haddock/haddockapp/api/src/domains/domains.repository.ts": {"path":"/Users/leodubosclard/Documents/haddock/haddockapp/api/src/domains/domains.repository.ts","statementMap":{"0":{"start":{"line":1,"column":0},"end":{"line":1,"column":63}},"1":{"start":{"line":3,"column":0},"end":{"line":3,"column":57}},"2":{"start":{"line":7,"column":7},"end":{"line":84,"column":null}},"3":{"start":{"line":8,"column":31},"end":{"line":8,"column":46}},"4":{"start":{"line":14,"column":4},"end":{"line":27,"column":5}},"5":{"start":{"line":15,"column":6},"end":{"line":22,"column":9}},"6":{"start":{"line":24,"column":6},"end":{"line":26,"column":7}},"7":{"start":{"line":25,"column":8},"end":{"line":25,"column":61}},"8":{"start":{"line":31,"column":4},"end":{"line":38,"column":7}},"9":{"start":{"line":42,"column":4},"end":{"line":42,"column":48}},"10":{"start":{"line":46,"column":4},"end":{"line":50,"column":7}},"11":{"start":{"line":54,"column":4},"end":{"line":58,"column":7}},"12":{"start":{"line":62,"column":4},"end":{"line":66,"column":7}},"13":{"start":{"line":70,"column":4},"end":{"line":74,"column":32}},"14":{"start":{"line":74,"column":21},"end":{"line":74,"column":30}},"15":{"start":{"line":78,"column":4},"end":{"line":82,"column":7}},"16":{"start":{"line":7,"column":13},"end":{"line":7,"column":29}},"17":{"start":{"line":7,"column":13},"end":{"line":84,"column":null}}},"fnMap":{"0":{"name":"(anonymous_2)","decl":{"start":{"line":8,"column":2},"end":{"line":8,"column":31}},"loc":{"start":{"line":8,"column":59},"end":{"line":8,"column":64}}},"1":{"name":"(anonymous_3)","decl":{"start":{"line":10,"column":2},"end":{"line":10,"column":7}},"loc":{"start":{"line":12,"column":21},"end":{"line":28,"column":3}}},"2":{"name":"(anonymous_4)","decl":{"start":{"line":30,"column":2},"end":{"line":30,"column":7}},"loc":{"start":{"line":30,"column":48},"end":{"line":39,"column":3}}},"3":{"name":"(anonymous_5)","decl":{"start":{"line":41,"column":2},"end":{"line":41,"column":7}},"loc":{"start":{"line":41,"column":22},"end":{"line":43,"column":3}}},"4":{"name":"(anonymous_6)","decl":{"start":{"line":45,"column":2},"end":{"line":45,"column":7}},"loc":{"start":{"line":45,"column":33},"end":{"line":51,"column":3}}},"5":{"name":"(anonymous_7)","decl":{"start":{"line":53,"column":2},"end":{"line":53,"column":7}},"loc":{"start":{"line":53,"column":43},"end":{"line":59,"column":3}}},"6":{"name":"(anonymous_8)","decl":{"start":{"line":61,"column":2},"end":{"line":61,"column":7}},"loc":{"start":{"line":61,"column":31},"end":{"line":67,"column":3}}},"7":{"name":"(anonymous_9)","decl":{"start":{"line":69,"column":2},"end":{"line":69,"column":7}},"loc":{"start":{"line":69,"column":21},"end":{"line":75,"column":3}}},"8":{"name":"(anonymous_10)","decl":{"start":{"line":74,"column":12},"end":{"line":74,"column":17}},"loc":{"start":{"line":74,"column":21},"end":{"line":74,"column":30}}},"9":{"name":"(anonymous_11)","decl":{"start":{"line":77,"column":2},"end":{"line":77,"column":7}},"loc":{"start":{"line":77,"column":21},"end":{"line":83,"column":3}}}},"branchMap":{"0":{"loc":{"start":{"line":24,"column":6},"end":{"line":26,"column":7}},"type":"if","locations":[{"start":{"line":24,"column":6},"end":{"line":26,"column":7}}]}},"s":{"0":7,"1":7,"2":7,"3":0,"4":0,"5":0,"6":0,"7":0,"8":0,"9":0,"10":0,"11":0,"12":0,"13":0,"14":0,"15":0,"16":7,"17":7},"f":{"0":0,"1":0,"2":0,"3":0,"4":0,"5":0,"6":0,"7":0,"8":0,"9":0},"b":{"0":[0]}}
,"/Users/leodubosclard/Documents/haddock/haddockapp/api/src/domains/domains.service.ts": {"path":"/Users/leodubosclard/Documents/haddock/haddockapp/api/src/domains/domains.service.ts","statementMap":{"0":{"start":{"line":1,"column":0},"end":{"line":1,"column":64}},"1":{"start":{"line":3,"column":0},"end":{"line":3,"column":56}},"2":{"start":{"line":6,"column":0},"end":{"line":6,"column":55}},"3":{"start":{"line":8,"column":0},"end":{"line":8,"column":47}},"4":{"start":{"line":9,"column":0},"end":{"line":9,"column":54}},"5":{"start":{"line":10,"column":0},"end":{"line":10,"column":63}},"6":{"start":{"line":11,"column":0},"end":{"line":11,"column":79}},"7":{"start":{"line":12,"column":0},"end":{"line":12,"column":64}},"8":{"start":{"line":13,"column":0},"end":{"line":13,"column":69}},"9":{"start":{"line":16,"column":7},"end":{"line":182,"column":null}},"10":{"start":{"line":18,"column":21},"end":{"line":18,"column":39}},"11":{"start":{"line":19,"column":21},"end":{"line":19,"column":37}},"12":{"start":{"line":20,"column":21},"end":{"line":20,"column":33}},"13":{"start":{"line":21,"column":21},"end":{"line":21,"column":38}},"14":{"start":{"line":22,"column":21},"end":{"line":22,"column":35}},"15":{"start":{"line":23,"column":21},"end":{"line":23,"column":43}},"16":{"start":{"line":24,"column":21},"end":{"line":24,"column":39}},"17":{"start":{"line":28,"column":4},"end":{"line":32,"column":16}},"18":{"start":{"line":30,"column":8},"end":{"line":30,"column":72}},"19":{"start":{"line":31,"column":6},"end":{"line":31,"column":78}},"20":{"start":{"line":36,"column":4},"end":{"line":46,"column":6}},"21":{"start":{"line":50,"column":29},"end":{"line":50,"column":72}},"22":{"start":{"line":52,"column":4},"end":{"line":54,"column":5}},"23":{"start":{"line":53,"column":6},"end":{"line":53,"column":65}},"24":{"start":{"line":55,"column":4},"end":{"line":57,"column":5}},"25":{"start":{"line":56,"column":6},"end":{"line":56,"column":65}},"26":{"start":{"line":59,"column":22},"end":{"line":59,"column":52}},"27":{"start":{"line":60,"column":19},"end":{"line":62,"column":null}},"28":{"start":{"line":65,"column":4},"end":{"line":65,"column":41}},"29":{"start":{"line":69,"column":20},"end":{"line":69,"column":64}},"30":{"start":{"line":70,"column":4},"end":{"line":70,"column":56}},"31":{"start":{"line":70,"column":30},"end":{"line":70,"column":54}},"32":{"start":{"line":74,"column":19},"end":{"line":74,"column":65}},"33":{"start":{"line":75,"column":4},"end":{"line":75,"column":41}},"34":{"start":{"line":79,"column":4},"end":{"line":79,"column":67}},"35":{"start":{"line":83,"column":19},"end":{"line":83,"column":65}},"36":{"start":{"line":85,"column":26},"end":{"line":85,"column":72}},"37":{"start":{"line":86,"column":27},"end":{"line":86,"column":74}},"38":{"start":{"line":87,"column":28},"end":{"line":87,"column":76}},"39":{"start":{"line":90,"column":6},"end":{"line":90,"column":74}},"40":{"start":{"line":92,"column":4},"end":{"line":92,"column":47}},"41":{"start":{"line":94,"column":4},"end":{"line":104,"column":6}},"42":{"start":{"line":108,"column":19},"end":{"line":108,"column":63}},"43":{"start":{"line":109,"column":4},"end":{"line":111,"column":5}},"44":{"start":{"line":110,"column":6},"end":{"line":110,"column":73}},"45":{"start":{"line":112,"column":4},"end":{"line":112,"column":50}},"46":{"start":{"line":116,"column":23},"end":{"line":116,"column":66}},"47":{"start":{"line":117,"column":4},"end":{"line":119,"column":5}},"48":{"start":{"line":118,"column":6},"end":{"line":118,"column":73}},"49":{"start":{"line":121,"column":21},"end":{"line":121,"column":56}},"50":{"start":{"line":122,"column":24},"end":{"line":122,"column":57}},"51":{"start":{"line":124,"column":19},"end":{"line":124,"column":60}},"52":{"start":{"line":126,"column":4},"end":{"line":130,"column":5}},"53":{"start":{"line":127,"column":6},"end":{"line":129,"column":8}},"54":{"start":{"line":132,"column":17},"end":{"line":132,"column":78}},"55":{"start":{"line":133,"column":4},"end":{"line":157,"column":7}},"56":{"start":{"line":159,"column":4},"end":{"line":162,"column":6}},"57":{"start":{"line":163,"column":4},"end":{"line":166,"column":6}},"58":{"start":{"line":167,"column":4},"end":{"line":167,"column":78}},"59":{"start":{"line":168,"column":27},"end":{"line":168,"column":76}},"60":{"start":{"line":170,"column":4},"end":{"line":176,"column":6}},"61":{"start":{"line":180,"column":4},"end":{"line":180,"column":62}},"62":{"start":{"line":16,"column":13},"end":{"line":16,"column":27}},"63":{"start":{"line":16,"column":13},"end":{"line":182,"column":null}}},"fnMap":{"0":{"name":"(anonymous_2)","decl":{"start":{"line":17,"column":2},"end":{"line":17,"column":null}},"loc":{"start":{"line":24,"column":56},"end":{"line":25,"column":6}}},"1":{"name":"(anonymous_3)","decl":{"start":{"line":27,"column":10},"end":{"line":27,"column":33}},"loc":{"start":{"line":27,"column":33},"end":{"line":33,"column":3}}},"2":{"name":"(anonymous_4)","decl":{"start":{"line":28,"column":38},"end":{"line":28,"column":41}},"loc":{"start":{"line":28,"column":43},"end":{"line":32,"column":5}}},"3":{"name":"(anonymous_5)","decl":{"start":{"line":35,"column":10},"end":{"line":35,"column":26}},"loc":{"start":{"line":35,"column":41},"end":{"line":47,"column":3}}},"4":{"name":"(anonymous_6)","decl":{"start":{"line":49,"column":2},"end":{"line":49,"column":7}},"loc":{"start":{"line":49,"column":47},"end":{"line":66,"column":3}}},"5":{"name":"(anonymous_7)","decl":{"start":{"line":68,"column":2},"end":{"line":68,"column":7}},"loc":{"start":{"line":68,"column":15},"end":{"line":71,"column":3}}},"6":{"name":"(anonymous_8)","decl":{"start":{"line":70,"column":23},"end":{"line":70,"column":24}},"loc":{"start":{"line":70,"column":30},"end":{"line":70,"column":54}}},"7":{"name":"(anonymous_9)","decl":{"start":{"line":73,"column":2},"end":{"line":73,"column":7}},"loc":{"start":{"line":73,"column":26},"end":{"line":76,"column":3}}},"8":{"name":"(anonymous_10)","decl":{"start":{"line":78,"column":10},"end":{"line":78,"column":15}},"loc":{"start":{"line":78,"column":63},"end":{"line":80,"column":3}}},"9":{"name":"(anonymous_11)","decl":{"start":{"line":82,"column":2},"end":{"line":82,"column":7}},"loc":{"start":{"line":82,"column":34},"end":{"line":105,"column":3}}},"10":{"name":"(anonymous_12)","decl":{"start":{"line":107,"column":2},"end":{"line":107,"column":7}},"loc":{"start":{"line":107,"column":25},"end":{"line":113,"column":3}}},"11":{"name":"(anonymous_13)","decl":{"start":{"line":115,"column":2},"end":{"line":115,"column":7}},"loc":{"start":{"line":115,"column":28},"end":{"line":177,"column":3}}},"12":{"name":"(anonymous_14)","decl":{"start":{"line":179,"column":2},"end":{"line":179,"column":7}},"loc":{"start":{"line":179,"column":43},"end":{"line":181,"column":3}}}},"branchMap":{"0":{"loc":{"start":{"line":52,"column":4},"end":{"line":54,"column":5}},"type":"if","locations":[{"start":{"line":52,"column":4},"end":{"line":54,"column":5}}]},"1":{"loc":{"start":{"line":52,"column":8},"end":{"line":52,"column":48}},"type":"binary-expr","locations":[{"start":{"line":52,"column":8},"end":{"line":52,"column":28}},{"start":{"line":52,"column":32},"end":{"line":52,"column":48}}]},"2":{"loc":{"start":{"line":55,"column":4},"end":{"line":57,"column":5}},"type":"if","locations":
[...]
mn":10},"end":{"line":15,"column":50}},"7":{"start":{"line":16,"column":10},"end":{"line":16,"column":59}},"8":{"start":{"line":17,"column":19},"end":{"line":17,"column":62}},"9":{"start":{"line":20,"column":4},"end":{"line":23,"column":6}},"10":{"start":{"line":24,"column":4},"end":{"line":24,"column":50}},"11":{"start":{"line":28,"column":19},"end":{"line":29,"column":null}},"12":{"start":{"line":29,"column":15},"end":{"line":29,"column":50}},"13":{"start":{"line":31,"column":4},"end":{"line":33,"column":5}},"14":{"start":{"line":32,"column":6},"end":{"line":32,"column":34}},"15":{"start":{"line":35,"column":4},"end":{"line":37,"column":7}},"16":{"start":{"line":36,"column":6},"end":{"line":36,"column":54}},"17":{"start":{"line":39,"column":4},"end":{"line":39,"column":53}},"18":{"start":{"line":43,"column":19},"end":{"line":43,"column":39}},"19":{"start":{"line":44,"column":4},"end":{"line":46,"column":5}},"20":{"start":{"line":45,"column":6},"end":{"line":45,"column":45}},"21":{"start":{"line":50,"column":4},"end":{"line":52,"column":7}},"22":{"start":{"line":51,"column":6},"end":{"line":51,"column":45}},"23":{"start":{"line":56,"column":4},"end":{"line":59,"column":5}},"24":{"start":{"line":57,"column":6},"end":{"line":57,"column":49}},"25":{"start":{"line":58,"column":6},"end":{"line":58,"column":54}},"26":{"start":{"line":63,"column":4},"end":{"line":67,"column":5}},"27":{"start":{"line":64,"column":6},"end":{"line":64,"column":49}},"28":{"start":{"line":65,"column":6},"end":{"line":65,"column":38}},"29":{"start":{"line":66,"column":6},"end":{"line":66,"column":54}},"30":{"start":{"line":71,"column":20},"end":{"line":71,"column":44}},"31":{"start":{"line":72,"column":21},"end":{"line":72,"column":41}},"32":{"start":{"line":73,"column":33},"end":{"line":73,"column":53}},"33":{"start":{"line":75,"column":4},"end":{"line":80,"column":7}},"34":{"start":{"line":76,"column":6},"end":{"line":78,"column":7}},"35":{"start":{"line":77,"column":8},"end":{"line":77,"column":66}},"36":{"start":{"line":79,"column":6},"end":{"line":79,"column":38}},"37":{"start":{"line":84,"column":20},"end":{"line":84,"column":44}},"38":{"start":{"line":85,"column":21},"end":{"line":85,"column":41}},"39":{"start":{"line":86,"column":33},"end":{"line":86,"column":53}},"40":{"start":{"line":88,"column":4},"end":{"line":93,"column":7}},"41":{"start":{"line":89,"column":6},"end":{"line":91,"column":7}},"42":{"start":{"line":90,"column":8},"end":{"line":90,"column":68}},"43":{"start":{"line":92,"column":6},"end":{"line":92,"column":38}},"44":{"start":{"line":97,"column":4},"end":{"line":126,"column":5}},"45":{"start":{"line":98,"column":40},"end":{"line":100,"column":65}},"46":{"start":{"line":100,"column":28},"end":{"line":100,"column":64}},"47":{"start":{"line":102,"column":6},"end":{"line":107,"column":7}},"48":{"start":{"line":103,"column":8},"end":{"line":105,"column":10}},"49":{"start":{"line":106,"column":8},"end":{"line":106,"column":15}},"50":{"start":{"line":109,"column":6},"end":{"line":109,"column":66}},"51":{"start":{"line":111,"column":6},"end":{"line":113,"column":8}},"52":{"start":{"line":112,"column":15},"end":{"line":112,"column":46}},"53":{"start":{"line":115,"column":6},"end":{"line":121,"column":7}},"54":{"start":{"line":116,"column":8},"end":{"line":116,"column":66}},"55":{"start":{"line":117,"column":8},"end":{"line":119,"column":10}},"56":{"start":{"line":120,"column":8},"end":{"line":120,"column":15}},"57":{"start":{"line":123,"column":6},"end":{"line":125,"column":8}},"58":{"start":{"line":130,"column":4},"end":{"line":132,"column":5}},"59":{"start":{"line":131,"column":6},"end":{"line":131,"column":59}},"60":{"start":{"line":134,"column":36},"end":{"line":136,"column":63}},"61":{"start":{"line":136,"column":26},"end":{"line":136,"column":62}},"62":{"start":{"line":138,"column":4},"end":{"line":152,"column":5}},"63":{"start":{"line":139,"column":6},"end":{"line":144,"column":8}},"64":{"start":{"line":146,"column":6},"end":{"line":146,"column":76}},"65":{"start":{"line":148,"column":6},"end":{"line":150,"column":8}},"66":{"start":{"line":151,"column":6},"end":{"line":151,"column":13}},"67":{"start":{"line":154,"column":37},"end":{"line":160,"column":6}},"68":{"start":{"line":162,"column":4},"end":{"line":162,"column":63}},"69":{"start":{"line":164,"column":4},"end":{"line":164,"column":60}},"70":{"start":{"line":165,"column":4},"end":{"line":167,"column":6}},"71":{"start":{"line":171,"column":4},"end":{"line":173,"column":6}},"72":{"start":{"line":172,"column":13},"end":{"line":172,"column":39}},"73":{"start":{"line":177,"column":4},"end":{"line":177,"column":73}},"74":{"start":{"line":180,"column":6},"end":{"line":180,"column":61}},"75":{"start":{"line":182,"column":4},"end":{"line":184,"column":5}},"76":{"start":{"line":183,"column":6},"end":{"line":183,"column":43}},"77":{"start":{"line":186,"column":4},"end":{"line":194,"column":6}},"78":{"start":{"line":196,"column":15},"end":{"line":196,"column":49}},"79":{"start":{"line":198,"column":4},"end":{"line":201,"column":7}},"80":{"start":{"line":199,"column":6},"end":{"line":199,"column":80}},"81":{"start":{"line":200,"column":6},"end":{"line":200,"column":36}},"82":{"start":{"line":203,"column":4},"end":{"line":206,"column":7}},"83":{"start":{"line":204,"column":6},"end":{"line":204,"column":75}},"84":{"start":{"line":205,"column":6},"end":{"line":205,"column":36}},"85":{"start":{"line":208,"column":4},"end":{"line":210,"column":7}},"86":{"start":{"line":209,"column":6},"end":{"line":209,"column":64}},"87":{"start":{"line":212,"column":4},"end":{"line":224,"column":7}},"88":{"start":{"line":213,"column":6},"end":{"line":223,"column":9}},"89":{"start":{"line":214,"column":8},"end":{"line":216,"column":9}},"90":{"start":{"line":215,"column":10},"end":{"line":215,"column":17}},"91":{"start":{"line":217,"column":8},"end":{"line":219,"column":9}},"92":{"start":{"line":218,"column":10},"end":{"line":218,"column":17}},"93":{"start":{"line":220,"column":8},"end":{"line":222,"column":11}},"94":{"start":{"line":226,"column":4},"end":{"line":238,"column":7}},"95":{"start":{"line":227,"column":6},"end":{"line":237,"column":9}},"96":{"start":{"line":228,"column":8},"end":{"line":230,"column":9}},"97":{"start":{"line":229,"column":10},"end":{"line":229,"column":17}},"98":{"start":{"line":231,"column":8},"end":{"line":233,"column":9}},"99":{"start":{"line":232,"column":10},"end":{"line":232,"column":17}},"100":{"start":{"line":234,"column":8},"end":{"line":236,"column":11}},"101":{"start":{"line":240,"column":4},"end":{"line":252,"column":7}},"102":{"start":{"line":241,"column":6},"end":{"line":251,"column":9}},"103":{"start":{"line":242,"column":8},"end":{"line":244,"column":9}},"104":{"start":{"line":243,"column":10},"end":{"line":243,"column":17}},"105":{"start":{"line":245,"column":8},"end":{"line":247,"column":9}},"106":{"start":{"line":246,"column":10},"end":{"line":246,"column":17}},"107":{"start":{"line":248,"column":8},"end":{"line":250,"column":11}},"108":{"start":{"line":12,"column":13},"end":{"line":12,"column":29}},"109":{"start":{"line":12,"column":13},"end":{"line":254,"column":null}}},"fnMap":{"0":{"name":"(anonymous_2)","decl":{"start":{"line":13,"column":2},"end":{"line":13,"column":31}},"loc":{"start":{"line":13,"column":67},"end":{"line":13,"column":71}}},"1":{"name":"(anonymous_3)","decl":{"start":{"line":19,"column":2},"end":{"line":19,"column":11}},"loc":{"start":{"line":19,"column":42},"end":{"line":25,"column":3}}},"2":{"name":"(anonymous_4)","decl":{"start":{"line":27,"column":2},"end":{"line":27,"column":14}},"loc":{"start":{"line":27,"column":29},"end":{"line":40,"column":3}}},"3":{"name":"(anonymous_5)","decl":{"start":{"line":29,"column":6},"end":{"line":29,"column":7}},"loc":{"start":{"line":29,"column":15},"end":{"line":29,"column":50}}},"4":{"name":"(anonymous_6)","decl":{"start":{"line":35,"column":39},"end":{"line":35,"column":40}},"loc":{"start":{"line":35,"column":53},"end":{"line":37,"column":5}}},"5":{"name":"(anonymous_7)","decl":{"start":{"line":42,"column":2},"end":{"line":42,"column":12}},"loc":{"start":{"line":42,"column":44},"end":{"line":47,"column":3}}},"6":{"name":"(anonymous_8)","decl":{"start":{"line":49,"column":2},"end":{"line":49,"column":11}},"loc":{"start":{"line":49,"column":38},"end":{"line":53,"column":3}}},"7":{"name":"(anonymous_9)","decl":{"start":{"line":50,"column":40},"end":{"line":50,"column":41}},"loc":{"start":{"line":50,"column":51},"end":{"line":52,"column":5}}},"8":{"name":"(anonymous_10)","decl":{"start":{"line":55,"column":2},"end":{"line":55,"column":7}},"loc":{"start":{"line":55,"column":39},"end":{"line":60,"column":3}}},"9":{"name":"(anonymous_11)","decl":{"start":{"line":62,"column":2},"end":{"line":62,"column":15}},"loc":{"start":{"line":62,"column":33},"end":{"line":68,"column":3}}},"10":{"name":"(anonymous_12)","decl":{"start":{"line":70,"column":10},"end":{"line":70,"column":28}},"loc":{"start":{"line":70,"column":69},"end":{"line":81,"column":3}}},"11":{"name":"(anonymous_13)","decl":{"start":{"line":75,"column":21},"end":{"line":75,"column":22}},"loc":{"start":{"line":75,"column":33},"end":{"line":80,"column":5}}},"12":{"name":"(anonymous_14)","decl":{"start":{"line":83,"column":10},"end":{"line":83,"column":31}},"loc":{"start":{"line":83,"column":72},"end":{"line":94,"column":3}}},"13":{"name":"(anonymous_15)","decl":{"start":{"line":88,"column":21},"end":{"line":88,"column":22}},"loc":{"start":{"line":88,"column":33},"end":{"line":93,"column":5}}},"14":{"name":"(anonymous_16)","decl":{"start":{"line":96,"column":2},"end":{"line":96,"column":7}},"loc":{"start":{"line":96,"column":68},"end":{"line":127,"column":3}}},"15":{"name":"(anonymous_17)","decl":{"start":{"line":100,"column":21},"end":{"line":100,"column":22}},"loc":{"start":{"line":100,"column":28},"end":{"line":100,"column":64}}},"16":{"name":"(anonymous_18)","decl":{"start":{"line":112,"column":8},"end":{"line":112,"column":9}},"loc":{"start":{"line":112,"column":15},"end":{"line":112,"column":46}}},"17":{"name":"(anonymous_19)","decl":{"start":{"line":129,"column":2},"end":{"line":129,"column":7}},"loc":{"start":{"line":129,"column":66},"end":{"line":168,"column":3}}},"18":{"name":"(anonymous_20)","decl":{"start":{"line":136,"column":19},"end":{"line":136,"column":20}},"loc":{"start":{"line":136,"column":26},"end":{"line":136,"column":62}}},"19":{"name":"(anonymous_21)","decl":{"start":{"line":170,"column":10},"end":{"line":170,"column":33}},"loc":{"start":{"line":170,"column":67},"end":{"line":174,"column":3}}},"20":{"name":"(anonymous_22)","decl":{"start":{"line":172,"column":6},"end":{"line":172,"column":7}},"loc":{"start":{"line":172,"column":13},"end":{"line":172,"column":39}}},"21":{"name":"(anonymous_23)","decl":{"start":{"line":176,"column":10},"end":{"line":176,"column":15}},"loc":{"start":{"line":176,"column":54},"end":{"line":253,"column":3}}},"22":{"name":"(anonymous_24)","decl":{"start":{"line":198,"column":24},"end":{"line":198,"column":27}},"loc":{"start":{"line":198,"column":29},"end":{"line":201,"column":5}}},"23":{"name":"(anonymous_25)","decl":{"start":{"line":203,"column":27},"end":{"line":203,"column":28}},"loc":{"start":{"line":203,"column":35},"end":{"line":206,"column":5}}},"24":{"name":"(anonymous_26)","decl":{"start":{"line":208,"column":19},"end":{"line":208,"column":20}},"loc":{"start":{"line":208,"column":27},"end":{"line":210,"column":5}}},"25":{"name":"(anonymous_27)","decl":{"start":{"line":212,"column":21},"end":{"line":212,"column":22}},"loc":{"start":{"line":212,"column":30},"end":{"line":224,"column":5}}},"26":{"name":"(anonymous_28)","decl":{"start":{"line":213,"column":47},"end":{"line":213,"column":48}},"loc":{"start":{"line":213,"column":58},"end":{"line":223,"column":7}}},"27":{"name":"(anonymous_29)","decl":{"start":{"line":226,"column":18},"end":{"line":226,"column":19}},"loc":{"start":{"line":226,"column":27},"end":{"line":238,"column":5}}},"28":{"name":"(anonymous_30)","decl":{"start":{"line":227,"column":47},"end":{"line":227,"column":48}},"loc":{"start":{"line":227,"column":58},"end":{"line":237,"column":7}}},"29":{"name":"(anonymous_31)","decl":{"start":{"line":240,"column":20},"end":{"line":240,"column":21}},"loc":{"start":{"line":240,"column":29},"end":{"line":252,"column":5}}},"30":{"name":"(anonymous_32)","decl":{"start":{"line":241,"column":47},"end":{"line":241,"column":48}},"loc":{"start":{"line":241,"column":58},"end":{"line":251,"column":7}}}},"branchMap":{"0":{"loc":{"start":{"line":31,"column":4},"end":{"line":33,"column":5}},"type":"if","locations":[{"start":{"line":31,"column":4},"end":{"line":33,"column":5}}]},"1":{"loc":{"start":{"line":44,"column":4},"end":{"line":46,"column":5}},"type":"if","locations":[{"start":{"line":44,"column":4},"end":{"line":46,"column":5}}]},"2":{"loc":{"start":{"line":56,"column":4},"end":{"line":59,"column":5}},"type":"if","locations":[{"start":{"line":56,"column":4},"end":{"line":59,"column":5}}]},"3":{"loc":{"start":{"line":63,"column":4},"end":{"line":67,"column":5}},"type":"if","locations":[{"start":{"line":63,"column":4},"end":{"line":67,"column":5}}]},"4":{"loc":{"start":{"line":76,"column":6},"end":{"line":78,"column":7}},"type":"if","locations":[{"start":{"line":76,"column":6},"end":{"line":78,"column":7}}]},"5":{"loc":{"start":{"line":89,"column":6},"end":{"line":91,"column":7}},"type":"if","locations":[{"start":{"line":89,"column":6},"end":{"line":91,"column":7}}]},"6":{"loc":{"start":{"line":97,"column":4},"end":{"line":126,"column":5}},"type":"if","locations":[{"start":{"line":97,"column":4},"end":{"line":126,"column":5}}]},"7":{"loc":{"start":{"line":102,"column":6},"end":{"line":107,"column":7}},"type":"if","locations":[{"start":{"line":102,"column":6},"end":{"line":107,"column":7}}]},"8":{"loc":{"start":{"line":115,"column":6},"end":{"line":121,"column":7}},"type":"if","locations":[{"start":{"line":115,"column":6},"end":{"line":121,"column":7}}]},"9":{"loc":{"start":{"line":130,"column":4},"end":{"line":132,"column":5}},"type":"if","locations":[{"start":{"line":130,"column":4},"end":{"line":132,"column":5}}]},"10":{"loc":{"start":{"line":138,"column":4},"end":{"line":152,"column":5}},"type":"if","locations":[{"start":{"line":138,"column":4},"end":{"line":152,"column":5}}]},"11":{"loc":{"start":{"line":182,"column":4},"end":{"line":184,"column":5}},"type":"if","locations":[{"start":{"line":182,"column":4},"end":{"line":184,"column":5}}]},"12":{"loc":{"start":{"line":214,"column":8},"end":{"line":216,"column":9}},"type":"if","locations":[{"start":{"line":214,"column":8},"end":{"line":216,"column":9}}]},"13":{"loc":{"start":{"line":217,"column":8},"end":{"line":219,"column":9}},"type":"if","locations":[{"start":{"line":217,"column":8},"end":{"line":219,"column":9}}]},"14":{"loc":{"start":{"line":228,"column":8},"end":{"line":230,"column":9}},"type":"if","locations":[{"start":{"line":228,"column":8},"end":{"line":230,"column":9}}]},"15":{"loc":{"start":{"line":231,"column":8},"end":{"line":233,"column":9}},"type":"if","locations":[{"start":{"line":231,"column":8},"end":{"line":233,"column":9}}]},"16":{"loc":{"start":{"line":242,"column":8},"end":{"line":244,"column":9}},"type":"if","locations":[{"start":{"line":242,"column":8},"end":{"line":244,"column":9}}]},"17":{"loc":{"start":{"line":245,"column":8},"end":{"line":247,"column":9}},"type":"if","locations":[{"start":{"line":245,"column":8},"end":{"line":247,"column":9}}]}},"s":{"0":4,"1":4,"2":4,"3":4,"4":4,"5":9,"6":9,"7":9,"8":9,"9":5,"10":5,"11":1,"12":1,"13":1,"14":1,"15":1,"16":0,"17":1,"18":2,"19":2,"20":1,"21":1,"22":2,"23":4,"24":3,"25":3,"26":1,"27":1,"28":1,"29":1,"30":0,"31":0,"32":0,"33":0,"34":0,"35":0,"36":0,"37":0,"38":0,"39":0,"40":0,"41":0,"42":0,"43":0,"44":0,"45":0,"46":0,"47":0,"48":0,"49":0,"50":0,"51":0,"52":0,"53":0,"54":0,"55":0,"56":0,"57":0,"58":0,"59":0,"60":0,"61":0,"62":0,"63":0,"64":0,"65":0,"66":0,"67":0,"68":0,"69":0,"70":0,"71":0,"72":0,"73":3,"74":3,"75":3,"76":0,"77":3,"78":3,"79":3,"80":0,"81":0,"82":3,"83":0,"84":0,"85":3,"86":0,"87":3,"88":0,"89":0,"90":0,"91":0,"92":0,"93":0,"94":3,"95":0,"96":0,"97":0,"98":0,"99":0,"100":0,"101":3,"102":0,"103":0,"104":0,"105":0,"106":0,"107":0,"108":4,"109":4},"f":{"0":9,"1":5,"2":1,"3":1,"4":0,"5":2,"6":1,"7":2,"8":4,"9":1,"10":0,"11":0,"12":0,"13":0,"14":0,"15":0,"16":0,"17":0,"18":0,"19":0,"20":0,"21":3,"22":0,"23":0,"24":0,"25":0,"26":0,"27":0,"28":0,"29":0,"30":0},"b":{"0":[1],"1":[1],"2":[3],"3":[1],"4":[0],"5":[0],"6":[0],"7":[0],"8":[0],"9":[0],"10":[0],"11":[0],"12":[0],"13":[0],"14":[0],"15":[0],"16":[0],"17":[0]}}
,"/Users/leodubosclard/Documents/haddock/haddockapp/api/src/workspaces/workspaces.repository.ts": {"path":"/Users/leodubosclard/Documents/haddock/haddockapp/api/src/workspaces/workspaces.repository.ts","statementMap":{"0":{"start":{"line":1,"column":0},"end":{"line":1,"column":44}},"1":{"start":{"line":2,"column":0},"end":{"line":2,"column":58}},"2":{"start":{"line":5,"column":7},"end":{"line":23,"column":null}},"3":{"start":{"line":6,"column":31},"end":{"line":6,"column":46}},"4":{"start":{"line":9,"column":4},"end":{"line":11,"column":7}},"5":{"start":{"line":15,"column":4},"end":{"line":15,"column":57}},"6":{"start":{"line":19,"column":4},"end":{"line":21,"column":7}},"7":{"start":{"line":5,"column":13},"end":{"line":5,"column":33}},"8":{"start":{"line":5,"column":13},"end":{"line":23,"column":null}}},"fnMap":{"0":{"name":"(anonymous_2)","decl":{"start":{"line":6,"column":2},"end":{"line":6,"column":31}},"loc":{"start":{"line":6,"column":59},"end":{"line":6,"column":63}}},"1":{"name":"(anonymous_3)","decl":{"start":{"line":8,"column":2},"end":{"line":8,"column":7}},"loc":{"start":{"line":8,"column":36},"end":{"line":12,"column":3}}},"2":{"name":"(anonymous_4)","decl":{"start":{"line":14,"column":2},"end":{"line":14,"column":7}},"loc":{"start":{"line":14,"column":25},"end":{"line":16,"column":3}}},"3":{"name":"(anonymous_5)","decl":{"start":{"line":18,"column":2},"end":{"line":18,"column":7}},"loc":{"start":{"line":18,"column":34},"end":{"line":22,"column":3}}}},"branchMap":{},"s":{"0":1,"1":1,"2":1,"3":0,"4":0,"5":0,"6":0,"7":1,"8":1},"f":{"0":0,"1":0,"2":0,"3":0},"b":{}}
,"/Users/leodubosclard/Documents/haddock/haddockapp/api/src/workspaces/workspaces.service.ts": {"path":"/Users/leodubosclard/Documents/haddock/haddockapp/api/src/workspaces/workspaces.service.ts","statementMap":{"0":{"start":{"line":1,"column":0},"end":{"line":1,"column":65}},"1":{"start":{"line":4,"column":0},"end":{"line":4,"column":76}},"2":{"start":{"line":7,"column":7},"end":{"line":25,"column":null}},"3":{"start":{"line":8,"column":31},"end":{"line":8,"column":53}},"4":{"start":{"line":11,"column":4},"end":{"line":11,"column":63}},"5":{"start":{"line":15,"column":4},"end":{"line":19,"column":5}},"6":{"start":{"line":16,"column":6},"end":{"line":16,"column":67}},"7":{"start":{"line":18,"column":6},"end":{"line":18,"column":64}},"8":{"start":{"line":23,"column":4},"end":{"line":23,"column":56}},"9":{"start":{"line":7,"column":13},"end":{"line":7,"column":30}},"10":{"start":{"line":7,"column":13},"end":{"line":25,"column":null}}},"fnMap":{"0":{"name":"(anonymous_2)","decl":{"start":{"line":8,"column":2},"end":{"line":8,"column":31}},"loc":{"start":{"line":8,"column":73},"end":{"line":8,"column":77}}},"1":{"name":"(anonymous_3)","decl":{"start":{"line":10,"column":2},"end":{"line":10,"column":7}},"loc":{"start":{"line":10,"column":15},"end":{"line":12,"column":3}}},"2":{"name":"(anonymous_4)","decl":{"start":{"line":14,"column":2},"end":{"line":14,"column":7}},"loc":{"start":{"line":14,"column":55},"end":{"line":20,"column":3}}},"3":{"name":"(anonymous_5)","decl":{"start":{"line":22,"column":2},"end":{"line":22,"column":7}},"loc":{"start":{"line":22,"column":34},"end":{"line":24,"column":3}}}},"branchMap":{},"s":{"0":1,"1":1,"2":1,"3":5,"4":2,"5":2,"6":2,"7":1,"8":1,"9":1,"10":1},"f":{"0":5,"1":2,"2":2,"3":1},"b":{}}
}
